aaa2
added_weight_full_info
adv_dtl
algorithm_platform_train_data
algtagsim
anti_fresh_monitor_url
anticrawler_aggr_ip
anticrawler_aggr_ipuid
anticrawler_aggr_uid
bigdata_corpus_keyword_offline_formatted_dt
bigdata_hotwb_month_recommend_mobile_user_2
bigdata_lightlda_topic_offline_formatted_dt
bigdata_mds_uquality_result_comment
bigdata_mds_uquality_result_content
bigdata_mds_user_bornyear_mining
bigdata_mds_user_gender_mining
bigdata_mds_user_marketing_result_content
bigdata_topic_inte_corpus_allcategory_lightlda
bigdata_topic_inte_corpus_allcategory_lightlda_test
bigdata_vf_keyword_obj_info
bigdata_vf_topic_inte_score_rst_allcategory_tmp_feed_user
bigdata_yanhui_topic_inte_score_rst_allcategory_tmp
binbin7_hot_weibo_corpus_24_data_clean_test
bool_feature_actnum_expo
bool_feature_actrate
camera_feed_tmp
camerafeed_ctr_feature_all_v2
camerafeed_ctr_feature_all_v2_sampling
camerafeed_ctr_feature_all_v3
camerafeed_ctr_feature_all_v3_sampling
camerafeed_ctr_feature_all_v4
camerafeed_ctr_feature_all_v4_sampling
camerafeed_ctr_feature_all_v4_sampling_1_vs_1
camerafeed_ctr_feature_all_v4_sampling_eva
camerafeed_ctr_feature_expo
camerafeed_ctr_feature_expo_midtype
camerafeed_ctr_feature_interact
camerafeed_ctr_feature_label
camerafeed_ctr_feature_mid
camerafeed_ctr_feature_mid_count
camerafeed_ctr_feature_sample_v1
camerafeed_ctr_feature_sample_v1_sampling
camerafeed_ctr_feature_sample_v2
camerafeed_ctr_feature_uid_all_v1
camerafeed_ctr_feature_uid_count
camerafeed_ctr_feature_uid_count_v1
camerafeed_ctr_feature_uid_uid_all_v1
camerafeed_ctr_feature_uid_uid_count_v1
camerafeed_ctr_feature_uid_uid_v1
camerafeed_ctr_feature_uid_v1
camerafeed_ctr_weight_uid_full_join
camerafeed_ctr_weight_uid_uid_full_join
camerafeed_ctr_weight_uid_uid_v1
camerafeed_ctr_weight_uid_v1
camerafeed_expo_all
camerafeed_feature_ugc_list
camerafeed_weight_uid_uid_v1
camerafeed_weight_uid_v1
cate_ctr_action
changtutemp
cj_user_city_30_days
cmt_frequency_ctrl_log
cmt_frequency_ctrol_log
combined
continous_extract
continous_extract_fans
continous_extract_focus
continous_extract_interact
ctr_feature_mid
ctr_feature_mid_duration
ctr_feature_mid_extend
ctr_feature_mid_extend_with_expotime
ctr_feature_mid_extend_with_expotime_evaluate
ctr_feature_mid_extend_with_uid2uid
ctr_feature_mid_with_content_tag
ctr_feature_mid_with_intresting_tag
ctr_feature_user_history_rate
datasource_datastrategyapilog
datasys_midreadrate_tmp
explode_test
exploded_mid_uid_expotime_20160916
exploded_mid_uid_expotime_read
expo_const_uid
expo_const_uid_full
expo_guobao_test
expo_user_guobao_test
expos_weibo
fa_mds_user_info
fan_starsnum
fan_user_action_infos
fan_user_action_score
fans_focus_20160724
fans_focus_list_for_seed_users
fans_stars_interact
fanslist_10w
fanslist_tmp
fbresult_v2
fbresult_v3
feature_engine_log_feature_samples
feature_engine_log_recomm_samples
feature_engine_log_recomm_samples_process
feature_engine_log_recomm_samples_process2
feature_engine_log_recomm_samples_process3
feature_engine_log_recomm_samples_text
feature_firehose0_pubblog_statistic
feature_offline_appid
feature_offline_relation
feature_offline_relation_clickprofilenumweek
feature_offline_relation_fuuaffinity
feature_offline_relation_fuuisfans
feature_offline_relation_fuuisfansboth
feature_offline_relation_fuunummonth
feature_offline_relation_fuunumweek
feature_offline_relation_image
feature_offline_relation_json
feature_offline_relation_json_whitelist
feature_offline_relation_mirror
feature_offline_relation_multiple
feature_offline_relation_temp
feature_offline_user
feature_offline_user_seeduid
feature_offline_user_seeduid2uid
feature_offline_user_testuid
feed_camera_ctr_samples
feed_data
feed_data_click_down_v1
feed_data_click_down_v2
feed_data_click_v1
feed_data_merge_offline
feed_data_v1
feed_data_v2
feed_data_v3
feed_data_v4
feed_data_v4_click
feed_data_v4_offline
feed_data_v5
feed_data_v5_simple
feed_interact_feedback_v2
feed_interact_feedback_v2_log
feed_interact_feedback_v3
feed_interact_feedback_v3_log
feed_interact_feedback_v4_log
feed_interact_feedback_v4_result
feed_kpi_data_reader
feed_kpi_data_up
feed_kpi_data_user
feed_kpi_data_wh
feed_log_camera_ctr_samples
feed_log_mainfeed_merge
feed_log_mainfeed_merge_repeat
feed_log_mainfeed_samples
feed_log_mblog_static_feature
feed_log_static_feature_v1
feed_mblog_feature_all
feed_mblog_feature_all_origin
feed_mblog_feature_business
feed_rank_feature_v1
feed_rank_train_data_v1
feed_rank_train_data_v2
feed_rank_train_data_v2_predict
feed_rank_train_data_v3
feed_rank_train_data_v4
feed_rank_train_data_v5
feed_sample_json_final
feed_sample_realtime_feature
feed_strategy_mds_tblog_expo_dtl_weight
feed_strategy_mds_uidi2uid_intimacy_weight
feed_strategy_mds_uidi2uid_intimacy_weight_report
feed_strategy_ods_tblog_expo_weight
feedback_test
feedback_test_v3
feedvf_ht_topic_inte_feature_space_allcorpus
feedvf_ht_topic_inte_user_interest_tag_allcorpus
flume_log_feature_firehose0_pubblog_statistic_v1
flume_log_feed_ctr_interact
flume_log_feed_feature_business
flume_log_feed_mblog_status_rc
flume_log_feed_weight_predict
flume_log_m_feature_samples_v1
flume_log_mainfeed_samples
flume_log_mblog_static_feature
flume_log_mid_weight_static
flume_log_recommend_negative
follow_guobao_test
fortest
fortestbaselr
fortestbaselr1
fortestbaselr2
fortestbasetest
fortestbasetest1
fortestbasetest10
fortestbasetest11
fortestbasetest2
fortestbasetest20
fortestbasetest30
fortestfour
fortestnewfeature
fortestnewfeature1
fortestnewfeature2
fortestnewfeatureadd
fortestnum
fortestnum1
fortestnum1select1
fortestnum1select26
fortestnum1select3
fortestnum1select5
fortestnum2
fortestsexage
fortestsexagedomain
fortestthrid
fortesttwo
fortestusermix2
fortestusermix2count
fortestusermix2count1
fortestusermix2sortcount
fortestusermix2sortcount1
fortestusermix2sortcount1select1
fortestusermix2sortcount1select5
fuid_with_less_than_20_fans_20160817
gaolin_20150826_all_expo_cp
gray_uid_read
guoxu1_surrounding_hot_feature_value_table
guoxu1_surrounding_hot_input_table_lr_104
haibo11_0216
haibo11_3_static
haibo11_autorun2_20170215
haibo11_autorun2_20170216
haibo11_autorun2_20170218
haibo11_autorun2_20170219
haibo11_autorun2_20170220
haibo11_autorun2_20170221
haibo11_autorun2_20170222
haibo11_autorun2_20170223
haibo11_autorun2_20170224
haibo11_autorun2_20170225
haibo11_autorun2_20170226
haibo11_autorun2_20170227
haibo11_autorun2_20170228
haibo11_autorun2_20170301
haibo11_autorun2_20170302
haibo11_autorun2_20170303
haibo11_autorun2_20170304
haibo11_autorun2_20170305
haibo11_autorun2_20170306
haibo11_autorun2_20170307
haibo11_autorun2_20170308
haibo11_autorun2_20170309
haibo11_avg_ratio_val_0221
haibo11_cnt2_20170215
haibo11_data_19
haibo11_data_1920
haibo11_data_21
haibo11_data_deal
haibo11_data_deal_2
haibo11_data_deal_28
haibo11_data_deal_28_2
haibo11_data_test
haibo11_diff_ratio_val_0221
haibo11_display_cnt
haibo11_display_cnt_test
haibo11_fi
haibo11_focus_20170225
haibo11_focus_uid_info
haibo11_focus_uid_info_0
haibo11_focus_uid_info_00
haibo11_focus_uid_info_1
haibo11_focus_uid_info_3
haibo11_focus_usr1
haibo11_focus_usr_type
haibo11_fuu
haibo11_fuu_2
haibo11_fuu_3
haibo11_fuu_4
haibo11_json_20170222
haibo11_json_deal_20170222
haibo11_list
haibo11_many_cnt_0308
haibo11_ml_usr_15_28
haibo11_mlratio_20170302
haibo11_model_18
haibo11_model_19
haibo11_model_20
haibo11_model_21
haibo11_model_22
haibo11_modelweight_cnt
haibo11_new_21
haibo11_new_22
haibo11_pluginweight_cnt
haibo11_pubblog_uid
haibo11_s_19
haibo11_s_1920
haibo11_s_21
haibo11_table
haibo11_target_uid
haibo11_target_uid_2
haibo11_test_1920
haibo11_tmp
haibo11_tmp2
haibo11_tmp_21
haibo11_tmp_21_2
haibo11_tmp_21_3
haibo11_user_type2
haibo11_user_type_2
haibo_exp_0213
haibo_exp_0214
haibo_exp_0215
haibo_mark_pub_20170207
haibo_mark_pub_20170208
haibo_mark_pub_20170209
haibo_mark_pub_20170210
haibo_mark_pub_20170211
haibo_mark_pub_20170212
haibo_mark_pub_20170213
haibo_mark_pub_20170214
haibo_mark_pub_20170215
haibo_mark_pub_20170216
haibo_mark_pub_20170217
haibo_mark_pub_20170218
haibo_mark_pub_20170219
haibo_mark_pub_20170220
haibo_mark_pub_20170221
haibo_mark_pub_20170222
haibo_mark_pub_20170223
haibo_pub2_20170312
haibo_pub_0213
haibo_pub_0214
haibo_pub_0215
haibo_pub_20170210
haibo_pub_20170211
haibo_pub_20170212
hb_yingxiao_uid_blacklist
hot_mblog_actions
hot_mblog_channel_tag_expo
hot_mblog_content_tag_action
hot_mblog_long_info
hot_mblog_long_interest
hot_mblog_long_interest_json
hot_mblog_mix_recommend_tag
hot_mblog_recent_content_tag
hot_mblog_recommend_mblog_info
hot_mblog_recommend_user_info
hot_mblog_short_interest
hot_mblog_short_interest_3
hot_mblog_short_interest_json
hot_mblog_surrounding_expo_doc_sample_feature
hot_mblog_surrounding_expo_doc_sample_feature1
hot_mblog_user_city_30_days
hot_mblog_user_intimacy
hot_mblog_user_intimacy_all
hot_mblog_user_intimacy_plat
hot_mblog_user_persona
hot_weibo_feature_project_train_sample
hot_weibo_feature_project_train_sample3
hot_weibo_feature_project_train_sample4
hot_weibo_feature_project_train_sample5
hot_weibo_feature_project_train_sample6
hot_weibo_feature_project_train_sample_chuanjie_lr
hot_weibo_feature_project_train_sample_pingye_lr
hot_weibo_feature_project_train_sample_yanqing_lr
huangyi1_test
huayang_mds_ds_uid_ctype
hzt_qmd_hbloguser_intimacy
image_long_control_log
interact_fans_count_20160818
interact_fans_count_20160822
interactedcnt_uid_expotime
interacttable
interacttable_2
interest_based_reading_basic_feature
intimacy06
jialin5_test
jinyuan1_fans_uid
jinyuan1_fans_uidset
jinyuan1_intimacy
jinyuan1_intimacy6
jinyuan1_intimacy7
jinyuan1_intimacy8
jinyuan1_intimacy9
jinyuan1_intimacy_3493392854
jinyuan1_tdrout
jinyuan1_tdrout_3493392854
jinyuan1_tdrout_nolist
jinyuan1_tdrout_set
jinyuan1_tdrtestnum
jinyuan1_tdrtestnum2
jinyuan1_tdrtestnum_3493392854
jinyuan1_test_tdr
jinyuan1_testlist_3493392854
jinyuan1_testset
jinyuan1_two_degree_3493392854
json_tmp
kaine_adv_white_users
kaine_ctr_feature_mid
kaine_ctr_feature_splited
kaine_exposure_amount_daily
kaine_extra_users
kaine_featured_users
kaine_firehose_positive
kaine_image_long_control_uids
kaine_interaction_model_daily
kaine_mds_feed_uid_interact_rate
kaine_pid_info
kaine_test
kaine_text_segments
kaine_tmp
kaine_user_feature
kaine_user_feature_daily
kaine_user_feature_sp_week
kaine_user_feature_test
kaine_user_feature_week
kaine_user_inter_eval
lda_domain_corpus_tagcategory_006
lda_domain_corpus_tagcategory_019
lda_domain_corpus_tagcategory_025
lda_domain_corpus_tagcategory_026
lda_domain_corpus_tagcategory_029
lda_domain_corpus_tagcategory_060
ldg_tmp_a
ldg_tmp_b
liuyang_table1_0
liuyang_table1_1
liuyang_table2_0
liuyang_table2_1
lr_data
mainfeed_ctr_feature_expo
mainfeed_ctr_feature_interact
mainfeed_ctr_feature_sample
mainfeed_ctr_feature_sample_v1
mainfeed_ctr_feature_uid_uid_base
mau_20160731
mau_fans_focus
mau_fans_focus_hq
mau_fans_focus_hq_hf
mblog_result
mblog_tag_result
mds_anti_crawler_uid_tmp
mds_anti_webapache_ip_user_hour
mds_bas_anticrawler_uid
mds_bas_appkey_temp
mds_bas_appkey_white
mds_bas_appkey_whitelist
mds_bas_chunhua1_lr_info
mds_bas_chunhua1_user_info_v2
mds_bas_content_uid
mds_bas_content_uid_type
mds_bas_crawler
mds_bas_crawler_hour_white
mds_bas_filtered_user
mds_bas_mid_click_media
mds_bas_mid_dis
mds_bas_mid_dis_unread
mds_bas_mid_dis_unread_weight
mds_bas_mid_expo
mds_bas_mid_expo_owner
mds_bas_mid_expo_stat_all_tmp
mds_bas_mid_expo_stat_tmp
mds_bas_mid_expo_stat_tmp2
mds_bas_mid_feature
mds_bas_mid_feature_predict
mds_bas_mid_feature_train
mds_bas_mid_first_pub
mds_bas_mid_interact
mds_bas_mid_interact_expo_norabbish
mds_bas_mid_interact_media
mds_bas_mid_interact_origin
mds_bas_mid_interact_rate
mds_bas_mid_uid_interactratio
mds_bas_mid_uid_interactratio_30days
mds_bas_mid_uid_interactratio_7days
mds_bas_mid_uid_interactratio_7days_send
mds_bas_mid_uid_interactratio_send
mds_bas_mid_weight
mds_bas_multi_media_app_whitelist
mds_bas_search_hour
mds_bas_spread_user
mds_bas_strategy_obj_cluster
mds_bas_strategy_user_inte_obj_temp
mds_bas_suid_mid_ruid_expo_interest_interact_interactrate
mds_bas_suid_mid_ruid_interact
mds_bas_suid_ruid_inte_inte_sim_interact_group_cos
mds_bas_suid_ruid_inte_inte_sim_interact_group_weight_cos
mds_bas_uid_click_media
mds_bas_uid_fans_count
mds_bas_uid_interact_30day
mds_bas_uid_interactrate_c1c2_bluev
mds_bas_uid_interactrate_weight
mds_bas_user_fanslist_validfans
mds_bas_user_fanslist_validfans_count
mds_bas_user_usagefreq
mds_bas_wls_hour
mds_bhv_addatten
mds_bhv_addatten_objsplit
mds_bhv_addatten_weight
mds_bhv_blog_all
mds_bhv_cmtblog
mds_bhv_feed_read_ratio
mds_bhv_like
mds_bhv_login_day
mds_bhv_pubblog
mds_bhv_tblog_all
mds_bhv_tblog_day
mds_bhv_tblog_month
mds_c1c2_list
mds_content_blue_v
mds_datastrategy_appkey
mds_datastrategy_bhv_tag
mds_datastrategy_bhv_tag_seeduser
mds_datastrategy_bhv_tag_sum_0_5
mds_datastrategy_bhv_tag_sum_1_0
mds_datastrategy_bhv_tag_sum_1_5
mds_datastrategy_bhv_tag_sum_1st
mds_datastrategy_bhv_tag_sum_2_0
mds_datastrategy_bhv_tag_sum_2nd
mds_datastrategy_bhv_tag_sum_3_0
mds_datastrategy_bhv_tag_sum_3rd
mds_datastrategy_bhv_tag_sum_4_0
mds_datastrategy_bhv_tag_sum_hb
mds_datastrategy_bhv_tag_sum_hb_3
mds_datastrategy_bhv_tag_sum_seeduser
mds_datastrategy_bhv_tag_sum_seeduser_1st
mds_datastrategy_bhv_tag_sum_seeduser_2nd
mds_datastrategy_bhv_tag_sum_seeduser_3rd
mds_datastrategy_device_tag
mds_datastrategy_feature_multimedia_base_data
mds_datastrategy_feed_clickprofile
mds_datastrategy_feed_clickprofile_7days
mds_datastrategy_feed_clickprofile_pc
mds_datastrategy_feed_clickprofile_wl
mds_datastrategy_feed_deliverrate
mds_datastrategy_feed_expo_weight
mds_datastrategy_feed_expo_weight_rc
mds_datastrategy_feed_filter_receive_data_report
mds_datastrategy_feed_filter_send_data_report
mds_datastrategy_feed_interest_weekly
mds_datastrategy_feed_interest_weekly_0_5
mds_datastrategy_feed_interest_weekly_1
mds_datastrategy_feed_interest_weekly_1_0
mds_datastrategy_feed_interest_weekly_1_5
mds_datastrategy_feed_interest_weekly_1st
mds_datastrategy_feed_interest_weekly_2_0
mds_datastrategy_feed_interest_weekly_2nd
mds_datastrategy_feed_interest_weekly_3_0
mds_datastrategy_feed_interest_weekly_3rd
mds_datastrategy_feed_interest_weekly_4_0
mds_datastrategy_feed_interest_weekly_hb
mds_datastrategy_feed_interest_weekly_hb_2
mds_datastrategy_feed_interest_weekly_hb_3
mds_datastrategy_feed_interest_weekly_seeduser
mds_datastrategy_feed_interest_weekly_seeduser_1st
mds_datastrategy_feed_interest_weekly_seeduser_2nd
mds_datastrategy_feed_interest_weekly_seeduser_3rd
mds_datastrategy_feed_interestmatchdegree
mds_datastrategy_feed_quality_content_uid
mds_datastrategy_feed_range_unread_data_report
mds_datastrategy_feed_readrate
mds_datastrategy_feed_recommend_sample
mds_datastrategy_feed_recommend_twohop
mds_datastrategy_feed_report
mds_datastrategy_feed_send_weight
mds_datastrategy_feed_send_weight_rc
mds_datastrategy_feed_struct_type_expo_diff
mds_datastrategy_feed_twodegreerelation_v1
mds_datastrategy_feed_twodegreerelationset_v1
mds_datastrategy_feed_unread_gender_age_tag_interactrate
mds_datastrategy_feed_unread_interactrate
mds_datastrategy_feed_unread_interactrate_ctr
mds_datastrategy_page_interact_rate
mds_datastrategy_page_relate_interact
mds_datastrategy_realtime_samples
mds_datastrategy_unread_pool_ctr_feature_all
mds_datastrategy_user_type
mds_datastrategy_userseed
mds_datastrategy_userseed_expoinfo
mds_datastrategy_userseed_expoinfo_fix
mds_datastrategy_userseed_fix
mds_datasys_fa_fanslist
mds_datasys_fa_userinfo
mds_datasys_feed_list
mds_datasys_user_dynamic
mds_demo_seeduid_follow
mds_ds_cvtype_stats
mds_ds_feed_new_user
mds_ds_feed_new_user_tag
mds_ds_feed_new_user_tag1_all
mds_ds_feed_new_user_tag1_incr
mds_ds_feed_new_user_tag1_rm
mds_ds_feed_new_user_tag2_all
mds_ds_feed_new_user_tag2_incr
mds_ds_feed_new_user_tag2_rm
mds_ds_low_interact
mds_ds_mid_tag_tmp
mds_ds_tag_uids
mds_ds_tag_uidsum
mds_ds_uid
mds_ds_uid_ctype
mds_ds_uid_ctype_expos
mds_ds_uid_ctype_stats
mds_ds_uid_mid_tmp
mds_ds_uid_tag
mds_ds_uid_tag_weight
mds_expo_adv_weight
mds_expo_interact_feedback_v3_tmp
mds_expo_interact_v2
mds_expo_interact_v3
mds_expo_mid_weight
mds_fans_interact_one_week
mds_feed_click_profile_interact
mds_feed_const_user_expo
mds_feed_const_user_type
mds_feed_const_weight_diff
mds_feed_ctrl_weight
mds_feed_duration_feature_table
mds_feed_expo_location
mds_feed_expo_predict_271_data
mds_feed_expo_quality_weight
mds_feed_expo_weight
mds_feed_interact_feedback_v4_result
mds_feed_light_relation
mds_feed_light_relation_weight
mds_feed_log_weight_predict
mds_feed_log_weight_predict_1000
mds_feed_rcfile_tmp
mds_feed_recommand_fpgrwoth_uidlist
mds_feed_strategy_click_profile
mds_feed_strategy_click_profile_7days
mds_feed_strategy_click_profile_pc
mds_feed_strategy_click_profile_wl
mds_feed_strategy_expo_combine
mds_feed_strategy_expo_gained_weight_and_label_with_interact_rate_v2
mds_feed_strategy_expo_gained_weight_with_interact_rate
mds_feed_strategy_expo_gained_weight_with_interact_rate_v2
mds_feed_strategy_expo_gained_weight_with_interact_rate_v2_comp
mds_feed_strategy_expo_gained_weight_with_interact_rate_v3
mds_feed_strategy_expo_gained_weight_with_intimacy
mds_feed_strategy_expo_log_reduce
mds_feed_strategy_expo_log_reduce_v2
mds_feed_strategy_expo_merge
mds_feed_strategy_expo_merge_v2
mds_feed_strategy_expo_merge_v2_comp
mds_feed_strategy_expo_merge_v3
mds_feed_strategy_expo_split
mds_feed_strategy_expo_unexpo
mds_feed_strategy_expo_with_interact
mds_feed_strategy_expo_with_weight_labe_merge_v2
mds_feed_strategy_feature_engineering_gbdt
mds_feed_strategy_feature_engineering_ranking
mds_feed_strategy_feature_engineering_ranking_v10
mds_feed_strategy_feature_engineering_ranking_v11
mds_feed_strategy_feature_engineering_ranking_v12
mds_feed_strategy_feature_engineering_ranking_v13
mds_feed_strategy_feature_engineering_ranking_v14
mds_feed_strategy_feature_engineering_ranking_v15
mds_feed_strategy_feature_engineering_ranking_v16
mds_feed_strategy_feature_engineering_ranking_v17
mds_feed_strategy_feature_engineering_ranking_v2
mds_feed_strategy_feature_engineering_ranking_v3
mds_feed_strategy_feature_engineering_ranking_v4
mds_feed_strategy_feature_engineering_ranking_v5
mds_feed_strategy_feature_engineering_ranking_v5_samples
mds_feed_strategy_feature_engineering_ranking_v6
mds_feed_strategy_feature_engineering_ranking_v7
mds_feed_strategy_feature_engineering_ranking_v8
mds_feed_strategy_feature_engineering_ranking_v9
mds_feed_strategy_gain_weight_analysis
mds_feed_strategy_interactratio_ctype
mds_feed_strategy_interactratio_tmp
mds_feed_strategy_reranking_result
mds_feed_strategy_reranking_result_v2
mds_feed_strategy_reranking_result_v2_comp
mds_feed_strategy_reranking_result_v3
mds_feed_strategy_reranking_with_weight_label_result_v2
mds_feed_strategy_uid_interactratio
mds_feed_strategy_unexpo_gained_weight_and_label_with_interact_rate_v2
mds_feed_strategy_unexpo_gained_weight_with_interact_rate
mds_feed_strategy_unexpo_gained_weight_with_interact_rate_v2
mds_feed_strategy_unexpo_gained_weight_with_interact_rate_v2_comp
mds_feed_strategy_unexpo_gained_weight_with_interact_rate_v3
mds_feed_strategy_unexpo_gained_weight_with_intimacy
mds_feed_strategy_unexpo_log_reduce
mds_feed_strategy_unexpo_log_reduce_v2
mds_feed_strategy_unexpo_merge
mds_feed_strategy_unexpo_merge_v2
mds_feed_strategy_unexpo_merge_v2_comp
mds_feed_strategy_unexpo_merge_v3
mds_feed_strategy_unexpo_with_weight_label_merge_v2
mds_feed_strategy_user_taglibsvm
mds_feed_strategy_zt_ranking_no_user_info
mds_feed_strategy_zt_ranking_with_user_info
mds_feed_strategy_zt_ranking_with_user_info_minus_one
mds_feed_strategy_zt_ranking_with_user_info_plus_one
mds_feed_strategy_zt_ranking_with_user_info_v2
mds_feed_uid_ia_tum
mds_feed_uid_ia_tum_7day
mds_feed_uid_ia_tum_7day_temp
mds_feed_uid_interact_rate
mds_feed_uid_interact_rate4
mds_feed_uid_interact_rate_tmp
mds_feed_uid_interact_rate_tmp2
mds_feed_uid_interact_rate_tmp3
mds_feed_uid_interact_rate_tmp4
mds_feed_uid_interact_rate_update_status
mds_feed_uid_interact_tmp
mds_feed_uid_media
mds_feed_unread_user_type
mds_feed_user_age_gender_rc
mds_feed_user_bias_feature
mds_feed_wbcamera_mid_expo
mds_feed_wbcamera_mid_interact
mds_feed_wbcamera_mid_uid_interactratio
mds_feed_wbcamera_mid_uid_interactratio_7days
mds_feedback_v2
mds_has_inte_tag_ldg
mds_has_inte_tag_vector
mds_hotblog_uid_hotrate_30days_json
mds_interact_feedback_result_v3
mds_mid_readtime_dis
mds_mid_uid_readtime
mds_newuser_interact_feedback_result
mds_obj_article_lib
mds_online_pool_mid_weight
mds_online_pool_weight_read_ratio
mds_search_click_day
mds_search_click_dtl
mds_search_keyword_day
mds_strategy_bhv_recomm_negative
mds_strategy_daoguang1_expo_interact_receive_dtl
mds_strategy_daoguang1_expo_receive_dtl
mds_strategy_daoguang1_interact_receive_dtl
mds_strategy_daoguang1_user_sim_interact_table
mds_strategy_distribution_log
mds_strategy_distribution_other_log
mds_strategy_expo_interact_mid_weight_datasys
mds_strategy_expo_interact_mid_weight_dynamic_datasys
mds_strategy_expo_interact_relationship_datasys
mds_strategy_expo_interact_relationship_datasys_v1
mds_strategy_expo_interact_test
mds_strategy_expo_interact_uid_type_weight_datasys
mds_strategy_expo_interact_uid_uid_weight_datasys
mds_strategy_expo_interact_uid_weight_datasys
mds_strategy_feed_app_interactrate
mds_strategy_feed_app_interactrate_30days
mds_strategy_feed_app_interactrate_7days
mds_strategy_feed_bhv_blog_all
mds_strategy_feed_bhv_blog_all_mid
mds_strategy_feed_bhv_blog_all_uid
mds_strategy_feed_bhv_blog_all_uid2mid
mds_strategy_feed_bhv_blog_all_uid2mid_temp
mds_strategy_feed_bhv_blog_all_uid2uid
mds_strategy_feed_bhv_blog_union_uid
mds_strategy_feed_bhv_blog_union_uid2mid
mds_strategy_feed_bhv_blog_union_uid2uid
mds_strategy_feed_bhv_click
mds_strategy_feed_bhv_click_statistic
mds_strategy_feed_bhv_click_temp
mds_strategy_feed_bhv_pubblog
mds_strategy_feed_bhv_pubblog_tudou
mds_strategy_feed_expo
mds_strategy_feed_free_high_read_log
mds_strategy_feed_interact
mds_strategy_feed_mid
mds_strategy_feed_mid_interact
mds_strategy_feed_mid_uid_weight
mds_strategy_feed_pub
mds_strategy_feed_pubcnt
mds_strategy_feed_read
mds_strategy_feed_statistic
mds_strategy_feed_statistic_temp
mds_strategy_feed_tblog_iar
mds_strategy_feed_uid2mid_click
mds_strategy_feed_uid2uid_interact
mds_strategy_feed_uid2uid_interact_30day
mds_strategy_feed_uid2uid_interact_7day
mds_strategy_feed_uid_mid_read_detail
mds_strategy_feed_uid_mid_read_detail_appid
mds_strategy_feed_uid_mid_read_detail_expoandfwd
mds_strategy_feed_uid_mid_read_detail_merge
mds_strategy_feed_uid_mid_read_detail_metaread
mds_strategy_feed_uid_weight_wanghong
mds_strategy_feed_uid_weight_whitelist
mds_strategy_feed_user
mds_strategy_feed_user_history_interact_30day
mds_strategy_feed_user_history_interact_7day
mds_strategy_filtered_user_info
mds_strategy_fixed_all
mds_strategy_lihan3_bhv_at
mds_strategy_lihan3_bhv_at_r
mds_strategy_lihan3_bhv_merge
mds_strategy_lihan3_bhv_merge_backward
mds_strategy_lihan3_bhv_merge_toward
mds_strategy_lihan3_bhv_pl
mds_strategy_lihan3_bhv_pl_r
mds_strategy_lihan3_bhv_zan
mds_strategy_lihan3_bhv_zan_r
mds_strategy_lihan3_bhv_zf
mds_strategy_lihan3_bhv_zf_r
mds_strategy_lihan3_dfanslist
mds_strategy_lihan3_expo_receive_dtl
mds_strategy_lihan3_gzlist_level
mds_strategy_lihan3_hf_level
mds_strategy_lihan3_history_interact_dtl
mds_strategy_lihan3_history_interact_dtl_new
mds_strategy_lihan3_interact_receive_dtl
mds_strategy_lihan3_rel
mds_strategy_lihan3_rel_r
mds_strategy_lihan3_table
mds_strategy_personal_feed_mid
mds_strategy_personal_feed_uid
mds_strategy_personal_feed_uid_mid
mds_strategy_personal_feed_uid_mysql
mds_strategy_personal_feed_uid_uid
mds_strategy_personal_feed_uid_uid_forapi
mds_strategy_personal_feed_uid_uid_mysql
mds_strategy_personal_feed_uid_uid_status
mds_strategy_receive_remove_info
mds_strategy_report_filter_receive_data
mds_strategy_report_filter_receive_data_20160831
mds_strategy_report_filter_send_data
mds_strategy_send_expo_info
mds_strategy_send_remove_info
mds_strategy_transmit_fixed
mds_strategy_user_expo_interact_datasys
mds_strategy_user_expo_interact_guobao_test
mds_strategy_user_expo_interact_relationship_datasy
mds_strategy_user_expo_interact_relationship_datasy_review
mds_strategy_user_expo_interact_relationship_datasys
mds_strategy_user_interact
mds_strategy_user_interact_3d
mds_strategy_user_interact_3d_v1
mds_strategy_user_interact_all_intimacy_relatinship
mds_strategy_user_interact_all_intimacy_relationship_3d
mds_strategy_user_interact_all_intimacy_relationship_3d_datasys
mds_strategy_user_interact_all_intimacy_relationship_attend_3d
mds_strategy_user_interact_all_intimacy_relationship_datasys
mds_strategy_user_interact_intimacy
mds_strategy_user_interact_intimacy_3d
mds_strategy_user_interact_intimacy_follow
mds_strategy_user_interact_intimacy_follow_3d
mds_strategy_user_interact_intimacy_relatinship
mds_strategy_user_interact_intimacy_relationship_3d
mds_strategy_user_interact_intimacy_relationship_3d_v1
mds_strategy_user_interact_relationship_3d
mds_strategy_user_interact_relationship_3d_datasys
mds_strategy_user_interact_relationship_datasys
mds_strategy_user_interact_relationship_tmp
mds_strategy_user_interact_total_sum
mds_strategy_user_intimacy_attend_tmp
mds_strategy_user_intract_relation
mds_strategy_user_intract_relationship_2days_tmp
mds_strategy_user_intract_relationship_3days_tmp
mds_strategy_weight_evaluate
mds_strategy_weight_evaluate_boost
mds_strategy_weight_evaluate_uid
mds_tblog_article_cont_tag
mds_tblog_cont_tag
mds_tblog_cont_tag_day
mds_tblog_expo_dtl
mds_tblog_expo_dtl_254
mds_tblog_expo_dtl_254_owner
mds_tblog_expo_dtl_255
mds_tblog_expo_dtl_feed
mds_tblog_expo_user_day
mds_tblog_long_content
mds_tblog_read_dtl
mds_tblog_read_mid_day
mds_tblog_video_cont_tag
mds_uid2uid_click_profile_pc
mds_uid2uid_interact_change
mds_uid2uid_interact_change_sd
mds_uid2uid_interact_with_clickprofile
mds_uid2uid_interact_with_clickprofile_dis
mds_uid2uid_interact_with_clickprofile_dis_sd
mds_uid2uid_profile_from_myfollow
mds_uid2uid_specialgroup
mds_uid_recv_list
mds_uid_uid_intimacy
mds_unread_back_fresh_expo_info
mds_unread_back_fresh_expo_info_detail
mds_unread_pool_refresh
mds_unread_pool_weight_read_ratio
mds_unread_weight_read_ratio
mds_uquality_user_class
mds_user_ability_category
mds_user_ability_obj
mds_user_ability_tag
mds_user_active_day
mds_user_active_month
mds_user_expo_guobao_test
mds_user_fanslist
mds_user_growth_model_under_clocking
mds_user_info
mds_user_inte_category
mds_user_inte_obj
mds_user_inte_tag
mds_user_inte_tag_vector
mds_user_interact_intimacy_2days_tmp
mds_user_interact_intimacy_3days_tmp
mds_user_reciplist
mds_user_refresh_block
mds_user_relation_sum
mds_user_type_strategy
mds_view_ods_tblog_real_read
mds_wls_device_uid_mapping
mds_wls_device_uid_mapping_all
mds_wls_device_uid_mapping_month
mds_wls_encode_bhv
mds_wls_url_uid_ip_mapping_hour
mid_ctr_predict_log
mid_dynamic_sampling
mid_expo_union
mid_expo_with_group_order
mid_uid_expotime_20160916
mid_uid_expotime_irate_weight_read
mid_uid_expotime_irate_weight_unread
mid_uid_expotime_read
mid_uid_expotime_unread
mid_uid_personal_weights
mid_uid_personal_weights_date
mid_uid_personal_weights_norm
mid_weight_dynamic_final
mid_weight_dynamic_format
mid_weight_dynamic_log
mid_weight_dynamic_log_20151101
mid_weight_static_log
mids27_24_chunhua1
mids_adv_tag
mids_feed_feature_v2_huayang
mids_strategy_feed_adv_tag
mids_strategy_feed_adv_tag_v2
ml_feature_analysis_online
ml_static_display_cnt
namelist_adv
namelist_adv_govn
namelist_adv_media
new_weight
new_weight_2
newfortest
newuser_feedback_result
newuser_interact_feedback_result
ocr_log_info
ocr_ninepic_mid
ocr_pids_info
ods_anti_sass_log
ods_apache_weibo
ods_apache_weibo_monitor_table
ods_bas_user_interact_score_dtl
ods_bhv_fanlaji_controlrate
ods_bhv_media
ods_bhv_tblog
ods_dim_appkey
ods_dim_area
ods_dim_content_uid
ods_dim_inte_category_tag
ods_dim_tblog_category_ability
ods_dim_tblog_obj_info
ods_dim_tblog_object_ability
ods_dim_tblog_object_category
ods_dim_tblog_object_info
ods_dim_user_status
ods_dm_darwin_tblog_ad
ods_plat_api_control_strategy_log
ods_plat_api_dealed
ods_plat_api_orig
ods_plat_api_orig_monitor_table
ods_prod_hao_user_info
ods_suda_uatrack_log_weibo
ods_tblog_client_read_log
ods_tblog_cmt_content
ods_tblog_content
ods_tblog_expo
ods_tblog_expo_254
ods_tblog_expo_hour
ods_tblog_hotmblog_exposure_storage
ods_tblog_read_log
ods_tblog_read_num
ods_tblog_real_read
ods_user_base_info
ods_user_fanslist
ods_user_group_info
ods_user_group_member_info
ods_user_v_info
ods_user_v_info_ex
ods_wls_encode_bhv
ods_wls_login
ods_wls_search_log
ods_wls_wap_base
ods_wls_wap_base_monitor_table
ods_wls_wap_base_urlfilter_table
offline_user_feature_sync
ols_object_click_log
people_attack_word
personalized_rank_train_data
pr_statistics
predict_foryanhui_mid
privds_ctr_predict_features_dict
privds_ctr_predict_features_dict_name
privds_ctr_predict_instances
privds_ctr_predict_instances_vec
privds_ctr_predict_instances_vec_trail
privds_hot_uquality
privds_hotmb_trail_hour_0702_7days
privds_hotmb_voters
real_read_model_train_chunhua
result_extract_test
result_test
seeduid
spark_predict_label
spider_ipuid_table
spider_uid_table
star_fansnum
strategy_case
strategy_case_uid
strategy_ods_tblog_expo_detail
surrounding_hot_expose_log
surrounding_hot_input_table
table_like_cnt
tblog_like_cnt
tblog_like_cnt_1
temp_6_ods_tblog_expo_guoxing
temp_adv_blue_v
temp_adv_common
temp_appid
temp_attack_report
temp_strategy_mid_chunhua1
test_guobao
test_hive_wuxian
test_udf
testmiddle
tmp_41891_mid
tmp_adv_level_by_user_type
tmp_adv_level_by_user_type_expo
tmp_adv_level_by_user_type_info
tmp_app_control
tmp_app_control_test
tmp_app_new
tmp_app_new_conrate
tmp_app_old
tmp_app_white
tmp_appid_interact_rate
tmp_appid_interact_rate_with_spam
tmp_appid_list
tmp_best_interact_rate
tmp_c1_mid
tmp_case_mid
tmp_case_mid_2891529877
tmp_case_mid_daoguang1
tmp_case_uid
tmp_clevel_uid
tmp_ctr_feature
tmp_ctr_feature_all
tmp_ctr_feature_interactrate
tmp_datastrategy_anticrawler_case_ip_uid_pc_detail
tmp_datastrategy_anticrawler_case_pc_detail
tmp_datastrategy_anticrawler_case_pc_detail_hour
tmp_datastrategy_ctrl_trealtime_mids
tmp_datastrategy_fangzhua_case_appkey
tmp_datastrategy_fangzhua_case_appkey_detail
tmp_datastrategy_fangzhua_case_detail
tmp_datastrategy_fangzhua_case_detail_1
tmp_datastrategy_fangzhua_case_detail_2
tmp_datastrategy_feed_spam_mid
tmp_datastrategy_feed_spam_rt_mid
tmp_datastrategy_feed_spam_stat
tmp_datastrategy_feed_spam_uid
tmp_datastrategy_gf_expo_dtl
tmp_datastrategy_gf_fans_cnt
tmp_datastrategy_gf_middle_expo_dtl
tmp_datastrategy_haixia10_action_2_weight
tmp_datastrategy_haixia10_action_2_weight_seeduser
tmp_datastrategy_haixia10_action_validity
tmp_datastrategy_haixia10_action_validity_0_5
tmp_datastrategy_haixia10_action_validity_1_0
tmp_datastrategy_haixia10_action_validity_1_5
tmp_datastrategy_haixia10_action_validity_2_0
tmp_datastrategy_haixia10_action_validity_3_0
tmp_datastrategy_haixia10_action_validity_4_0
tmp_datastrategy_haixia10_action_validity_hb
tmp_datastrategy_haixia10_action_validity_hb_3
tmp_datastrategy_haixia10_action_validity_seeduser
tmp_datastrategy_haixia10_cattimes
tmp_datastrategy_haixia10_filter_threshold
tmp_datastrategy_haixia10_filter_threshold_seeduser
tmp_datastrategy_haixia10_interact
tmp_datastrategy_haixia10_interact_seeduser
tmp_datastrategy_haixia10_interact_times_seeduser
tmp_datastrategy_haixia10_mapping
tmp_datastrategy_haixia10_processed_action_weight
tmp_datastrategy_haixia10_processed_action_weight_seeduser
tmp_datastrategy_haixia10_time_attenuation
tmp_datastrategy_haixia10_time_attenuation_hb
tmp_datastrategy_haixia10_time_attenuation_hb_3
tmp_datastrategy_haixia10_time_attenuation_seeduser
tmp_datastrategy_haixia10_tweet_category
tmp_datastrategy_haixia10_tweet_cattimes
tmp_datastrategy_huimin6_spam_uid
tmp_datastrategy_huimin6_spam_uid_sample
tmp_datastrategy_jinyuan1_tag_rate
tmp_datastrategy_lihan3_ctr_uid
tmp_datastrategy_lihan3_ctrl_mid
tmp_datastrategy_receive_list
tmp_distribution_log
tmp_double11_table
tmp_feed_datastartegy_uid_flollow_page
tmp_feed_feature_firehose0
tmp_feed_free_high_read_add
tmp_feed_free_high_read_del
tmp_front_uid
tmp_guoxu1_surrounding_hot_expose_log
tmp_guoxu1_surrounding_hot_input_table
tmp_guoxu1_surrounding_hot_input_table_4_lr2
tmp_haixia10_avg_interest_rate
tmp_haixia10_calculate
tmp_haixia10_cast
tmp_haixia10_expo_order
tmp_haixia10_interact_degree
tmp_haixia10_interact_order
tmp_hongbao_remove_log
tmp_hotintimacy
tmp_listspam_case
tmp_listspam_transmit_bhv
tmp_mds_algorithm_seeduid_action_from_other
tmp_mds_algorithm_seeduid_action_to_other
tmp_mds_algorithm_seeduid_attention
tmp_mds_algorithm_seeduid_fans
tmp_mds_algorithm_seeduid_uidlist
tmp_mds_bas_suid_mid_ruid_expo
tmp_mds_bhv_blog_all
tmp_mds_datastrategy_feed_expo_weight
tmp_mds_datastrategy_feed_user_pubblog_expo1daynum
tmp_mds_datastrategy_feed_user_pubblogsfans
tmp_mds_datastrategy_ods_tblog_expo
tmp_mds_datastrategy_user_pubblogsfans
tmp_mds_feed_wls_click_image
tmp_mds_liubo_mid
tmp_mds_real_read_uid2mid_interist
tmp_mid_control
tmp_miss_uids
tmp_online_pool_mid_weight
tmp_orangec1
tmp_ordinaryc1
tmp_problem_mid
tmp_qpf_expo_1
tmp_qpf_expo_original_20170302
tmp_span
tmp_strategy_lihan3_gzlist_level
tmp_strategy_uid_uid_stat_detail
tmp_uid
tmp_uid_expo
tmp_uid_list
tmp_wangliang8_surrounding_hot_expose_log
tmp_wangliang8_surrounding_hot_input_table
tmp_wangliang8_surrounding_hot_input_table1
tmp_wangliang8_surrounding_hot_input_table2
tmp_wangliang8_surrounding_hot_input_table_4_lr
tmp_wangliang8_surrounding_hot_input_table_4_lr1
tmp_wangliang8_surrounding_hot_input_table_4_lr2
tmp_wangliang8_surrounding_hot_input_table_4_lr3
tmp_wangliang8_surrounding_hot_input_table_4_lr4
tmp_wangliang8_surrounding_hot_input_table_4_lr_test
tmp_yanjie8_push_train_data_4_uid_h_1_2wl_all
tmp_yuwei_case
tmp_yuwei_case_220
tmp_zhangtong_intimacy_table1_0
tmp_zhangtong_intimacy_table1_1
tmp_zs_feed_user_interact_bhv_30day
tmp_zs_social_analysis
tmp_zs_social_uid
tmp_zs_uid_detection_stock_mid
tmp_zs_uid_detection_stock_uid
top_1w_mid
totalirate_uid_expotime
trans_mds_uquality_sended_comment
trans_mds_uquality_sended_content
trans_mds_user_marketing_sended_content
uid2uid
uid2uid2
uid_adv_count
uid_big
uid_cluster
uid_mid
uid_mid_adv
uid_mid_tichu
uid_small
uid_tichu_count
uid_with_fans_lt_300
uid_with_fans_lt_50
uids_adv_count
unread_back_fresh_expo
unread_back_fresh_in_pool_and_top100
unread_case_focs_send_tblog
unread_case_recv_tblog
unread_mid_expo_union
unread_mid_weight_union
unread_pool_ctr_feature
unread_pool_ctr_instance_tmp
unread_pool_mid_feature
user_ctr_feature_cmt
user_ctr_feature_fwd
user_ctr_feature_his_interact_rate
user_ctr_feature_lk
user_ctr_feature_weibo_all_info
user_ctr_feature_weibo_basic
user_ctr_feature_weibo_info_relation_temp
user_fan_interactive_infos
user_fan_real_relation
user_fan_relation_infos
user_fan_relation_score
user_fan_relation_score_day
user_fan_society_relation
user_for_sociality_relation
user_inte_tag
user_x_negtive_total
valid_fans_focus_list_20160820
valid_fans_focus_list_20160820_tmp
view_mds_feed_strategy_expo_gained_weight_with_interact_rate
view_ods_tblog_real_read
weibo_ds_crawler_tmp
weight_map
yanhui11_hot_weibo_corpus_log
yanhui11_main_feed_log_topic
yanhui11_main_feed_log_topic_feature
yanhui11_main_feed_log_topic_feature_v2
yanhui11_main_feed_log_topic_v2
yanhui11_main_feed_uid
yanhui11_main_feed_user_topic
yanhui11_mblog_content
yanhui11_mblog_topic
yanhui11_ods_tblog_hotmblog_exposure_storage
yarn_running_jobs
yingxiao_uid_blacklist
ylb_hot_weibo_ability
ylb_hot_weibo_train
ylb_push_corpus
ylb_push_rec
ylb_push_rec_new
ylb_push_rec_text
ylb_push_user
ylb_push_user_msg
ylb_push_user_msg_new
ylb_push_user_new
ylb_self1_hot_weibo_corpus_24
ylb_self2_hot_weibo_corpus_24
ylb_self3_hot_weibo_action
ylb_self3_hot_weibo_click
ylb_self3_hot_weibo_corpus_24
ylb_self3_hot_weibo_last_corpus_24
ylb_self3_hot_weibo_read
ylb_self_hot_weibo_corpus_24
zhangtong1_feed_join_mblog
zhangtong1_ranking
zhangtong1_rankingv2
zhangying8
zhao_1
zhao_2
zhao_adv_1
zhao_adv_3
zhao_adv_5
zhao_adv_7
zhao_adv_current
zyf_hue_limi_midhd_sjx
zyftest
zyl_tmp2_self3_hot_weibo_click_2
