
16/11/24 21:34:44 ERROR GPLNativeCodeLoader: Could not load native gpl library
java.lang.UnsatisfiedLinkError: no gplcompression in java.library.path
  at java.lang.ClassLoader.loadLibrary(ClassLoader.java:1886)
  at java.lang.Runtime.loadLibrary0(Runtime.java:849)
  at java.lang.System.loadLibrary(System.java:1088)
  at com.hadoop.compression.lzo.GPLNativeCodeLoader.<clinit>(GPLNativeCodeLoader.java:32)
  at com.hadoop.compression.lzo.LzoCodec.<clinit>(LzoCodec.java:71)
  at java.lang.Class.forName0(Native Method)
  at java.lang.Class.forName(Class.java:270)
  at org.apache.hadoop.conf.Configuration.getClassByNameOrNull(Configuration.java:1834)
  at org.apache.hadoop.conf.Configuration.getClassByName(Configuration.java:1799)
  at org.apache.hadoop.io.compress.CompressionCodecFactory.getCodecClasses(CompressionCodecFactory.java:128)
  at org.apache.hadoop.io.compress.CompressionCodecFactory.<init>(CompressionCodecFactory.java:175)
  at org.apache.hadoop.mapred.TextInputFormat.configure(TextInputFormat.java:45)
  at sun.reflect.NativeMethodAccessorImpl.invoke0(Native Method)
  at sun.reflect.NativeMethodAccessorImpl.invoke(NativeMethodAccessorImpl.java:57)
  at sun.reflect.DelegatingMethodAccessorImpl.invoke(DelegatingMethodAccessorImpl.java:43)
  at java.lang.reflect.Method.invoke(Method.java:606)
  at org.apache.hadoop.util.ReflectionUtils.setJobConf(ReflectionUtils.java:106)
  at org.apache.hadoop.util.ReflectionUtils.setConf(ReflectionUtils.java:75)
  at org.apache.hadoop.util.ReflectionUtils.newInstance(ReflectionUtils.java:133)
  at org.apache.spark.rdd.HadoopRDD.getInputFormat(HadoopRDD.scala:186)
  at org.apache.spark.rdd.HadoopRDD.getPartitions(HadoopRDD.scala:199)
  at org.apache.spark.rdd.RDD$$anonfun$partitions$2.apply(RDD.scala:248)
  at org.apache.spark.rdd.RDD$$anonfun$partitions$2.apply(RDD.scala:246)
  at scala.Option.getOrElse(Option.scala:121)
  at org.apache.spark.rdd.RDD.partitions(RDD.scala:246)
  at org.apache.spark.rdd.MapPartitionsRDD.getPartitions(MapPartitionsRDD.scala:35)
  at org.apache.spark.rdd.RDD$$anonfun$partitions$2.apply(RDD.scala:248)
  at org.apache.spark.rdd.RDD$$anonfun$partitions$2.apply(RDD.scala:246)
  at scala.Option.getOrElse(Option.scala:121)
  at org.apache.spark.rdd.RDD.partitions(RDD.scala:246)
  at org.apache.spark.rdd.UnionRDD$$anonfun$1.apply(UnionRDD.scala:82)
  at org.apache.spark.rdd.UnionRDD$$anonfun$1.apply(UnionRDD.scala:82)
  at scala.collection.TraversableLike$$anonfun$map$1.apply(TraversableLike.scala:234)
  at scala.collection.TraversableLike$$anonfun$map$1.apply(TraversableLike.scala:234)
  at scala.collection.immutable.List.foreach(List.scala:381)
  at scala.collection.TraversableLike$class.map(TraversableLike.scala:234)
  at scala.collection.immutable.List.map(List.scala:285)
  at org.apache.spark.rdd.UnionRDD.getPartitions(UnionRDD.scala:82)
  at org.apache.spark.rdd.RDD$$anonfun$partitions$2.apply(RDD.scala:248)
  at org.apache.spark.rdd.RDD$$anonfun$partitions$2.apply(RDD.scala:246)
  at scala.Option.getOrElse(Option.scala:121)
  at org.apache.spark.rdd.RDD.partitions(RDD.scala:246)
  at org.apache.spark.rdd.UnionRDD$$anonfun$1.apply(UnionRDD.scala:82)
  at org.apache.spark.rdd.UnionRDD$$anonfun$1.apply(UnionRDD.scala:82)
  at scala.collection.TraversableLike$$anonfun$map$1.apply(TraversableLike.scala:234)
  at scala.collection.TraversableLike$$anonfun$map$1.apply(TraversableLike.scala:234)
  at scala.collection.immutable.List.foreach(List.scala:381)
  at scala.collection.TraversableLike$class.map(TraversableLike.scala:234)
  at scala.collection.immutable.List.map(List.scala:285)
  at org.apache.spark.rdd.UnionRDD.getPartitions(UnionRDD.scala:82)
  at org.apache.spark.rdd.RDD$$anonfun$partitions$2.apply(RDD.scala:248)
  at org.apache.spark.rdd.RDD$$anonfun$partitions$2.apply(RDD.scala:246)
  at scala.Option.getOrElse(Option.scala:121)
  at org.apache.spark.rdd.RDD.partitions(RDD.scala:246)
  at org.apache.spark.rdd.UnionRDD$$anonfun$1.apply(UnionRDD.scala:82)
  at org.apache.spark.rdd.UnionRDD$$anonfun$1.apply(UnionRDD.scala:82)
  at scala.collection.TraversableLike$$anonfun$map$1.apply(TraversableLike.scala:234)
  at scala.collection.TraversableLike$$anonfun$map$1.apply(TraversableLike.scala:234)
  at scala.collection.immutable.List.foreach(List.scala:381)
  at scala.collection.TraversableLike$class.map(TraversableLike.scala:234)
  at scala.collection.immutable.List.map(List.scala:285)
  at org.apache.spark.rdd.UnionRDD.getPartitions(UnionRDD.scala:82)
  at org.apache.spark.rdd.RDD$$anonfun$partitions$2.apply(RDD.scala:248)
  at org.apache.spark.rdd.RDD$$anonfun$partitions$2.apply(RDD.scala:246)
  at scala.Option.getOrElse(Option.scala:121)
  at org.apache.spark.rdd.RDD.partitions(RDD.scala:246)
  at org.apache.spark.rdd.UnionRDD$$anonfun$1.apply(UnionRDD.scala:82)
  at org.apache.spark.rdd.UnionRDD$$anonfun$1.apply(UnionRDD.scala:82)
  at scala.collection.TraversableLike$$anonfun$map$1.apply(TraversableLike.scala:234)
  at scala.collection.TraversableLike$$anonfun$map$1.apply(TraversableLike.scala:234)
  at scala.collection.immutable.List.foreach(List.scala:381)
  at scala.collection.TraversableLike$class.map(TraversableLike.scala:234)
  at scala.collection.immutable.List.map(List.scala:285)
  at org.apache.spark.rdd.UnionRDD.getPartitions(UnionRDD.scala:82)
  at org.apache.spark.rdd.RDD$$anonfun$partitions$2.apply(RDD.scala:248)
  at org.apache.spark.rdd.RDD$$anonfun$partitions$2.apply(RDD.scala:246)
  at scala.Option.getOrElse(Option.scala:121)
  at org.apache.spark.rdd.RDD.partitions(RDD.scala:246)
  at org.apache.spark.rdd.UnionRDD$$anonfun$1.apply(UnionRDD.scala:82)
  at org.apache.spark.rdd.UnionRDD$$anonfun$1.apply(UnionRDD.scala:82)
  at scala.collection.TraversableLike$$anonfun$map$1.apply(TraversableLike.scala:234)
  at scala.collection.TraversableLike$$anonfun$map$1.apply(TraversableLike.scala:234)
  at scala.collection.immutable.List.foreach(List.scala:381)
  at scala.collection.TraversableLike$class.map(TraversableLike.scala:234)
  at scala.collection.immutable.List.map(List.scala:285)
  at org.apache.spark.rdd.UnionRDD.getPartitions(UnionRDD.scala:82)
  at org.apache.spark.rdd.RDD$$anonfun$partitions$2.apply(RDD.scala:248)
  at org.apache.spark.rdd.RDD$$anonfun$partitions$2.apply(RDD.scala:246)
  at scala.Option.getOrElse(Option.scala:121)
  at org.apache.spark.rdd.RDD.partitions(RDD.scala:246)
  at org.apache.spark.rdd.UnionRDD$$anonfun$1.apply(UnionRDD.scala:82)
  at org.apache.spark.rdd.UnionRDD$$anonfun$1.apply(UnionRDD.scala:82)
  at scala.collection.TraversableLike$$anonfun$map$1.apply(TraversableLike.scala:234)
  at scala.collection.TraversableLike$$anonfun$map$1.apply(TraversableLike.scala:234)
  at scala.collection.immutable.List.foreach(List.scala:381)
  at scala.collection.TraversableLike$class.map(TraversableLike.scala:234)
  at scala.collection.immutable.List.map(List.scala:285)
  at org.apache.spark.rdd.UnionRDD.getPartitions(UnionRDD.scala:82)
  at org.apache.spark.rdd.RDD$$anonfun$partitions$2.apply(RDD.scala:248)
  at org.apache.spark.rdd.RDD$$anonfun$partitions$2.apply(RDD.scala:246)
  at scala.Option.getOrElse(Option.scala:121)
  at org.apache.spark.rdd.RDD.partitions(RDD.scala:246)
  at org.apache.spark.rdd.UnionRDD$$anonfun$1.apply(UnionRDD.scala:82)
  at org.apache.spark.rdd.UnionRDD$$anonfun$1.apply(UnionRDD.scala:82)
  at scala.collection.TraversableLike$$anonfun$map$1.apply(TraversableLike.scala:234)
  at scala.collection.TraversableLike$$anonfun$map$1.apply(TraversableLike.scala:234)
  at scala.collection.immutable.List.foreach(List.scala:381)
  at scala.collection.TraversableLike$class.map(TraversableLike.scala:234)
  at scala.collection.immutable.List.map(List.scala:285)
  at org.apache.spark.rdd.UnionRDD.getPartitions(UnionRDD.scala:82)
  at org.apache.spark.rdd.RDD$$anonfun$partitions$2.apply(RDD.scala:248)
  at org.apache.spark.rdd.RDD$$anonfun$partitions$2.apply(RDD.scala:246)
  at scala.Option.getOrElse(Option.scala:121)
  at org.apache.spark.rdd.RDD.partitions(RDD.scala:246)
  at org.apache.spark.rdd.UnionRDD$$anonfun$1.apply(UnionRDD.scala:82)
  at org.apache.spark.rdd.UnionRDD$$anonfun$1.apply(UnionRDD.scala:82)
  at scala.collection.TraversableLike$$anonfun$map$1.apply(TraversableLike.scala:234)
  at scala.collection.TraversableLike$$anonfun$map$1.apply(TraversableLike.scala:234)
  at scala.collection.immutable.List.foreach(List.scala:381)
  at scala.collection.TraversableLike$class.map(TraversableLike.scala:234)
  at scala.collection.immutable.List.map(List.scala:285)
  at org.apache.spark.rdd.UnionRDD.getPartitions(UnionRDD.scala:82)
  at org.apache.spark.rdd.RDD$$anonfun$partitions$2.apply(RDD.scala:248)
  at org.apache.spark.rdd.RDD$$anonfun$partitions$2.apply(RDD.scala:246)
  at scala.Option.getOrElse(Option.scala:121)
  at org.apache.spark.rdd.RDD.partitions(RDD.scala:246)
  at org.apache.spark.rdd.UnionRDD$$anonfun$1.apply(UnionRDD.scala:82)
  at org.apache.spark.rdd.UnionRDD$$anonfun$1.apply(UnionRDD.scala:82)
  at scala.collection.TraversableLike$$anonfun$map$1.apply(TraversableLike.scala:234)
  at scala.collection.TraversableLike$$anonfun$map$1.apply(TraversableLike.scala:234)
  at scala.collection.immutable.List.foreach(List.scala:381)
  at scala.collection.TraversableLike$class.map(TraversableLike.scala:234)
  at scala.collection.immutable.List.map(List.scala:285)
  at org.apache.spark.rdd.UnionRDD.getPartitions(UnionRDD.scala:82)
  at org.apache.spark.rdd.RDD$$anonfun$partitions$2.apply(RDD.scala:248)
  at org.apache.spark.rdd.RDD$$anonfun$partitions$2.apply(RDD.scala:246)
  at scala.Option.getOrElse(Option.scala:121)
  at org.apache.spark.rdd.RDD.partitions(RDD.scala:246)
  at org.apache.spark.rdd.UnionRDD$$anonfun$1.apply(UnionRDD.scala:82)
  at org.apache.spark.rdd.UnionRDD$$anonfun$1.apply(UnionRDD.scala:82)
  at scala.collection.TraversableLike$$anonfun$map$1.apply(TraversableLike.scala:234)
  at scala.collection.TraversableLike$$anonfun$map$1.apply(TraversableLike.scala:234)
  at scala.collection.immutable.List.foreach(List.scala:381)
  at scala.collection.TraversableLike$class.map(TraversableLike.scala:234)
  at scala.collection.immutable.List.map(List.scala:285)
  at org.apache.spark.rdd.UnionRDD.getPartitions(UnionRDD.scala:82)
  at org.apache.spark.rdd.RDD$$anonfun$partitions$2.apply(RDD.scala:248)
  at org.apache.spark.rdd.RDD$$anonfun$partitions$2.apply(RDD.scala:246)
  at scala.Option.getOrElse(Option.scala:121)
  at org.apache.spark.rdd.RDD.partitions(RDD.scala:246)
  at org.apache.spark.rdd.UnionRDD$$anonfun$1.apply(UnionRDD.scala:82)
  at org.apache.spark.rdd.UnionRDD$$anonfun$1.apply(UnionRDD.scala:82)
  at scala.collection.TraversableLike$$anonfun$map$1.apply(TraversableLike.scala:234)
  at scala.collection.TraversableLike$$anonfun$map$1.apply(TraversableLike.scala:234)
  at scala.collection.immutable.List.foreach(List.scala:381)
  at scala.collection.TraversableLike$class.map(TraversableLike.scala:234)
  at scala.collection.immutable.List.map(List.scala:285)
  at org.apache.spark.rdd.UnionRDD.getPartitions(UnionRDD.scala:82)
  at org.apache.spark.rdd.RDD$$anonfun$partitions$2.apply(RDD.scala:248)
  at org.apache.spark.rdd.RDD$$anonfun$partitions$2.apply(RDD.scala:246)
  at scala.Option.getOrElse(Option.scala:121)
  at org.apache.spark.rdd.RDD.partitions(RDD.scala:246)
  at org.apache.spark.rdd.UnionRDD$$anonfun$1.apply(UnionRDD.scala:82)
  at org.apache.spark.rdd.UnionRDD$$anonfun$1.apply(UnionRDD.scala:82)
  at scala.collection.TraversableLike$$anonfun$map$1.apply(TraversableLike.scala:234)
  at scala.collection.TraversableLike$$anonfun$map$1.apply(TraversableLike.scala:234)
  at scala.collection.immutable.List.foreach(List.scala:381)
  at scala.collection.TraversableLike$class.map(TraversableLike.scala:234)
  at scala.collection.immutable.List.map(List.scala:285)
  at org.apache.spark.rdd.UnionRDD.getPartitions(UnionRDD.scala:82)
  at org.apache.spark.rdd.RDD$$anonfun$partitions$2.apply(RDD.scala:248)
  at org.apache.spark.rdd.RDD$$anonfun$partitions$2.apply(RDD.scala:246)
  at scala.Option.getOrElse(Option.scala:121)
  at org.apache.spark.rdd.RDD.partitions(RDD.scala:246)
  at org.apache.spark.rdd.UnionRDD$$anonfun$1.apply(UnionRDD.scala:82)
  at org.apache.spark.rdd.UnionRDD$$anonfun$1.apply(UnionRDD.scala:82)
  at scala.collection.TraversableLike$$anonfun$map$1.apply(TraversableLike.scala:234)
  at scala.collection.TraversableLike$$anonfun$map$1.apply(TraversableLike.scala:234)
  at scala.collection.immutable.List.foreach(List.scala:381)
  at scala.collection.TraversableLike$class.map(TraversableLike.scala:234)
  at scala.collection.immutable.List.map(List.scala:285)
  at org.apache.spark.rdd.UnionRDD.getPartitions(UnionRDD.scala:82)
  at org.apache.spark.rdd.RDD$$anonfun$partitions$2.apply(RDD.scala:248)
  at org.apache.spark.rdd.RDD$$anonfun$partitions$2.apply(RDD.scala:246)
  at scala.Option.getOrElse(Option.scala:121)
  at org.apache.spark.rdd.RDD.partitions(RDD.scala:246)
  at org.apache.spark.rdd.UnionRDD$$anonfun$1.apply(UnionRDD.scala:82)
  at org.apache.spark.rdd.UnionRDD$$anonfun$1.apply(UnionRDD.scala:82)
  at scala.collection.TraversableLike$$anonfun$map$1.apply(TraversableLike.scala:234)
  at scala.collection.TraversableLike$$anonfun$map$1.apply(TraversableLike.scala:234)
  at scala.collection.immutable.List.foreach(List.scala:381)
  at scala.collection.TraversableLike$class.map(TraversableLike.scala:234)
  at scala.collection.immutable.List.map(List.scala:285)
  at org.apache.spark.rdd.UnionRDD.getPartitions(UnionRDD.scala:82)
  at org.apache.spark.rdd.RDD$$anonfun$partitions$2.apply(RDD.scala:248)
  at org.apache.spark.rdd.RDD$$anonfun$partitions$2.apply(RDD.scala:246)
  at scala.Option.getOrElse(Option.scala:121)
  at org.apache.spark.rdd.RDD.partitions(RDD.scala:246)
  at org.apache.spark.rdd.UnionRDD$$anonfun$1.apply(UnionRDD.scala:82)
  at org.apache.spark.rdd.UnionRDD$$anonfun$1.apply(UnionRDD.scala:82)
  at scala.collection.TraversableLike$$anonfun$map$1.apply(TraversableLike.scala:234)
  at scala.collection.TraversableLike$$anonfun$map$1.apply(TraversableLike.scala:234)
  at scala.collection.immutable.List.foreach(List.scala:381)
  at scala.collection.TraversableLike$class.map(TraversableLike.scala:234)
  at scala.collection.immutable.List.map(List.scala:285)
  at org.apache.spark.rdd.UnionRDD.getPartitions(UnionRDD.scala:82)
  at org.apache.spark.rdd.RDD$$anonfun$partitions$2.apply(RDD.scala:248)
  at org.apache.spark.rdd.RDD$$anonfun$partitions$2.apply(RDD.scala:246)
  at scala.Option.getOrElse(Option.scala:121)
  at org.apache.spark.rdd.RDD.partitions(RDD.scala:246)
  at org.apache.spark.rdd.UnionRDD$$anonfun$1.apply(UnionRDD.scala:82)
  at org.apache.spark.rdd.UnionRDD$$anonfun$1.apply(UnionRDD.scala:82)
  at scala.collection.TraversableLike$$anonfun$map$1.apply(TraversableLike.scala:234)
  at scala.collection.TraversableLike$$anonfun$map$1.apply(TraversableLike.scala:234)
  at scala.collection.immutable.List.foreach(List.scala:381)
  at scala.collection.TraversableLike$class.map(TraversableLike.scala:234)
  at scala.collection.immutable.List.map(List.scala:285)
  at org.apache.spark.rdd.UnionRDD.getPartitions(UnionRDD.scala:82)
  at org.apache.spark.rdd.RDD$$anonfun$partitions$2.apply(RDD.scala:248)
  at org.apache.spark.rdd.RDD$$anonfun$partitions$2.apply(RDD.scala:246)
  at scala.Option.getOrElse(Option.scala:121)
  at org.apache.spark.rdd.RDD.partitions(RDD.scala:246)
  at org.apache.spark.rdd.UnionRDD$$anonfun$1.apply(UnionRDD.scala:82)
  at org.apache.spark.rdd.UnionRDD$$anonfun$1.apply(UnionRDD.scala:82)
  at scala.collection.TraversableLike$$anonfun$map$1.apply(TraversableLike.scala:234)
  at scala.collection.TraversableLike$$anonfun$map$1.apply(TraversableLike.scala:234)
  at scala.collection.immutable.List.foreach(List.scala:381)
  at scala.collection.TraversableLike$class.map(TraversableLike.scala:234)
  at scala.collection.immutable.List.map(List.scala:285)
  at org.apache.spark.rdd.UnionRDD.getPartitions(UnionRDD.scala:82)
  at org.apache.spark.rdd.RDD$$anonfun$partitions$2.apply(RDD.scala:248)
  at org.apache.spark.rdd.RDD$$anonfun$partitions$2.apply(RDD.scala:246)
  at scala.Option.getOrElse(Option.scala:121)
  at org.apache.spark.rdd.RDD.partitions(RDD.scala:246)
  at org.apache.spark.rdd.UnionRDD$$anonfun$1.apply(UnionRDD.scala:82)
  at org.apache.spark.rdd.UnionRDD$$anonfun$1.apply(UnionRDD.scala:82)
  at scala.collection.TraversableLike$$anonfun$map$1.apply(TraversableLike.scala:234)
  at scala.collection.TraversableLike$$anonfun$map$1.apply(TraversableLike.scala:234)
  at scala.collection.immutable.List.foreach(List.scala:381)
  at scala.collection.TraversableLike$class.map(TraversableLike.scala:234)
  at scala.collection.immutable.List.map(List.scala:285)
  at org.apache.spark.rdd.UnionRDD.getPartitions(UnionRDD.scala:82)
  at org.apache.spark.rdd.RDD$$anonfun$partitions$2.apply(RDD.scala:248)
  at org.apache.spark.rdd.RDD$$anonfun$partitions$2.apply(RDD.scala:246)
  at scala.Option.getOrElse(Option.scala:121)
  at org.apache.spark.rdd.RDD.partitions(RDD.scala:246)
  at org.apache.spark.rdd.UnionRDD$$anonfun$1.apply(UnionRDD.scala:82)
  at org.apache.spark.rdd.UnionRDD$$anonfun$1.apply(UnionRDD.scala:82)
  at scala.collection.TraversableLike$$anonfun$map$1.apply(TraversableLike.scala:234)
  at scala.collection.TraversableLike$$anonfun$map$1.apply(TraversableLike.scala:234)
  at scala.collection.immutable.List.foreach(List.scala:381)
  at scala.collection.TraversableLike$class.map(TraversableLike.scala:234)
  at scala.collection.immutable.List.map(List.scala:285)
  at org.apache.spark.rdd.UnionRDD.getPartitions(UnionRDD.scala:82)
  at org.apache.spark.rdd.RDD$$anonfun$partitions$2.apply(RDD.scala:248)
  at org.apache.spark.rdd.RDD$$anonfun$partitions$2.apply(RDD.scala:246)
  at scala.Option.getOrElse(Option.scala:121)
  at org.apache.spark.rdd.RDD.partitions(RDD.scala:246)
  at org.apache.spark.rdd.UnionRDD$$anonfun$1.apply(UnionRDD.scala:82)
  at org.apache.spark.rdd.UnionRDD$$anonfun$1.apply(UnionRDD.scala:82)
  at scala.collection.TraversableLike$$anonfun$map$1.apply(TraversableLike.scala:234)
  at scala.collection.TraversableLike$$anonfun$map$1.apply(TraversableLike.scala:234)
  at scala.collection.immutable.List.foreach(List.scala:381)
  at scala.collection.TraversableLike$class.map(TraversableLike.scala:234)
  at scala.collection.immutable.List.map(List.scala:285)
  at org.apache.spark.rdd.UnionRDD.getPartitions(UnionRDD.scala:82)
  at org.apache.spark.rdd.RDD$$anonfun$partitions$2.apply(RDD.scala:248)
  at org.apache.spark.rdd.RDD$$anonfun$partitions$2.apply(RDD.scala:246)
  at scala.Option.getOrElse(Option.scala:121)
  at org.apache.spark.rdd.RDD.partitions(RDD.scala:246)
  at org.apache.spark.rdd.UnionRDD$$anonfun$1.apply(UnionRDD.scala:82)
  at org.apache.spark.rdd.UnionRDD$$anonfun$1.apply(UnionRDD.scala:82)
  at scala.collection.TraversableLike$$anonfun$map$1.apply(TraversableLike.scala:234)
  at scala.collection.TraversableLike$$anonfun$map$1.apply(TraversableLike.scala:234)
  at scala.collection.immutable.List.foreach(List.scala:381)
  at scala.collection.TraversableLike$class.map(TraversableLike.scala:234)
  at scala.collection.immutable.List.map(List.scala:285)
  at org.apache.spark.rdd.UnionRDD.getPartitions(UnionRDD.scala:82)
  at org.apache.spark.rdd.RDD$$anonfun$partitions$2.apply(RDD.scala:248)
  at org.apache.spark.rdd.RDD$$anonfun$partitions$2.apply(RDD.scala:246)
  at scala.Option.getOrElse(Option.scala:121)
  at org.apache.spark.rdd.RDD.partitions(RDD.scala:246)
  at org.apache.spark.rdd.UnionRDD$$anonfun$1.apply(UnionRDD.scala:82)
  at org.apache.spark.rdd.UnionRDD$$anonfun$1.apply(UnionRDD.scala:82)
  at scala.collection.TraversableLike$$anonfun$map$1.apply(TraversableLike.scala:234)
  at scala.collection.TraversableLike$$anonfun$map$1.apply(TraversableLike.scala:234)
  at scala.collection.immutable.List.foreach(List.scala:381)
  at scala.collection.TraversableLike$class.map(TraversableLike.scala:234)
  at scala.collection.immutable.List.map(List.scala:285)
  at org.apache.spark.rdd.UnionRDD.getPartitions(UnionRDD.scala:82)
  at org.apache.spark.rdd.RDD$$anonfun$partitions$2.apply(RDD.scala:248)
  at org.apache.spark.rdd.RDD$$anonfun$partitions$2.apply(RDD.scala:246)
  at scala.Option.getOrElse(Option.scala:121)
  at org.apache.spark.rdd.RDD.partitions(RDD.scala:246)
  at org.apache.spark.rdd.UnionRDD$$anonfun$1.apply(UnionRDD.scala:82)
  at org.apache.spark.rdd.UnionRDD$$anonfun$1.apply(UnionRDD.scala:82)
  at scala.collection.TraversableLike$$anonfun$map$1.apply(TraversableLike.scala:234)
  at scala.collection.TraversableLike$$anonfun$map$1.apply(TraversableLike.scala:234)
  at scala.collection.immutable.List.foreach(List.scala:381)
  at scala.collection.TraversableLike$class.map(TraversableLike.scala:234)
  at scala.collection.immutable.List.map(List.scala:285)
  at org.apache.spark.rdd.UnionRDD.getPartitions(UnionRDD.scala:82)
  at org.apache.spark.rdd.RDD$$anonfun$partitions$2.apply(RDD.scala:248)
  at org.apache.spark.rdd.RDD$$anonfun$partitions$2.apply(RDD.scala:246)
  at scala.Option.getOrElse(Option.scala:121)
  at org.apache.spark.rdd.RDD.partitions(RDD.scala:246)
  at org.apache.spark.rdd.UnionRDD$$anonfun$1.apply(UnionRDD.scala:82)
  at org.apache.spark.rdd.UnionRDD$$anonfun$1.apply(UnionRDD.scala:82)
  at scala.collection.TraversableLike$$anonfun$map$1.apply(TraversableLike.scala:234)
  at scala.collection.TraversableLike$$anonfun$map$1.apply(TraversableLike.scala:234)
  at scala.collection.immutable.List.foreach(List.scala:381)
  at scala.collection.TraversableLike$class.map(TraversableLike.scala:234)
  at scala.collection.immutable.List.map(List.scala:285)
  at org.apache.spark.rdd.UnionRDD.getPartitions(UnionRDD.scala:82)
  at org.apache.spark.rdd.RDD$$anonfun$partitions$2.apply(RDD.scala:248)
  at org.apache.spark.rdd.RDD$$anonfun$partitions$2.apply(RDD.scala:246)
  at scala.Option.getOrElse(Option.scala:121)
  at org.apache.spark.rdd.RDD.partitions(RDD.scala:246)
  at org.apache.spark.rdd.UnionRDD$$anonfun$1.apply(UnionRDD.scala:82)
  at org.apache.spark.rdd.UnionRDD$$anonfun$1.apply(UnionRDD.scala:82)
  at scala.collection.TraversableLike$$anonfun$map$1.apply(TraversableLike.scala:234)
  at scala.collection.TraversableLike$$anonfun$map$1.apply(TraversableLike.scala:234)
  at scala.collection.immutable.List.foreach(List.scala:381)
  at scala.collection.TraversableLike$class.map(TraversableLike.scala:234)
  at scala.collection.immutable.List.map(List.scala:285)
  at org.apache.spark.rdd.UnionRDD.getPartitions(UnionRDD.scala:82)
  at org.apache.spark.rdd.RDD$$anonfun$partitions$2.apply(RDD.scala:248)
  at org.apache.spark.rdd.RDD$$anonfun$partitions$2.apply(RDD.scala:246)
  at scala.Option.getOrElse(Option.scala:121)
  at org.apache.spark.rdd.RDD.partitions(RDD.scala:246)
  at org.apache.spark.rdd.UnionRDD$$anonfun$1.apply(UnionRDD.scala:82)
  at org.apache.spark.rdd.UnionRDD$$anonfun$1.apply(UnionRDD.scala:82)
  at scala.collection.TraversableLike$$anonfun$map$1.apply(TraversableLike.scala:234)
  at scala.collection.TraversableLike$$anonfun$map$1.apply(TraversableLike.scala:234)
  at scala.collection.immutable.List.foreach(List.scala:381)
  at scala.collection.TraversableLike$class.map(TraversableLike.scala:234)
  at scala.collection.immutable.List.map(List.scala:285)
  at org.apache.spark.rdd.UnionRDD.getPartitions(UnionRDD.scala:82)
  at org.apache.spark.rdd.RDD$$anonfun$partitions$2.apply(RDD.scala:248)
  at org.apache.spark.rdd.RDD$$anonfun$partitions$2.apply(RDD.scala:246)
  at scala.Option.getOrElse(Option.scala:121)
  at org.apache.spark.rdd.RDD.partitions(RDD.scala:246)
  at org.apache.spark.rdd.UnionRDD$$anonfun$1.apply(UnionRDD.scala:82)
  at org.apache.spark.rdd.UnionRDD$$anonfun$1.apply(UnionRDD.scala:82)
  at scala.collection.TraversableLike$$anonfun$map$1.apply(TraversableLike.scala:234)
  at scala.collection.TraversableLike$$anonfun$map$1.apply(TraversableLike.scala:234)
  at scala.collection.immutable.List.foreach(List.scala:381)
  at scala.collection.TraversableLike$class.map(TraversableLike.scala:234)
  at scala.collection.immutable.List.map(List.scala:285)
  at org.apache.spark.rdd.UnionRDD.getPartitions(UnionRDD.scala:82)
  at org.apache.spark.rdd.RDD$$anonfun$partitions$2.apply(RDD.scala:248)
  at org.apache.spark.rdd.RDD$$anonfun$partitions$2.apply(RDD.scala:246)
  at scala.Option.getOrElse(Option.scala:121)
  at org.apache.spark.rdd.RDD.partitions(RDD.scala:246)
  at org.apache.spark.rdd.UnionRDD$$anonfun$1.apply(UnionRDD.scala:82)
  at org.apache.spark.rdd.UnionRDD$$anonfun$1.apply(UnionRDD.scala:82)
  at scala.collection.TraversableLike$$anonfun$map$1.apply(TraversableLike.scala:234)
  at scala.collection.TraversableLike$$anonfun$map$1.apply(TraversableLike.scala:234)
  at scala.collection.immutable.List.foreach(List.scala:381)
  at scala.collection.TraversableLike$class.map(TraversableLike.scala:234)
  at scala.collection.immutable.List.map(List.scala:285)
  at org.apache.spark.rdd.UnionRDD.getPartitions(UnionRDD.scala:82)
  at org.apache.spark.rdd.RDD$$anonfun$partitions$2.apply(RDD.scala:248)
  at org.apache.spark.rdd.RDD$$anonfun$partitions$2.apply(RDD.scala:246)
  at scala.Option.getOrElse(Option.scala:121)
  at org.apache.spark.rdd.RDD.partitions(RDD.scala:246)
  at org.apache.spark.rdd.UnionRDD$$anonfun$1.apply(UnionRDD.scala:82)
  at org.apache.spark.rdd.UnionRDD$$anonfun$1.apply(UnionRDD.scala:82)
  at scala.collection.TraversableLike$$anonfun$map$1.apply(TraversableLike.scala:234)
  at scala.collection.TraversableLike$$anonfun$map$1.apply(TraversableLike.scala:234)
  at scala.collection.immutable.List.foreach(List.scala:381)
  at scala.collection.TraversableLike$class.map(TraversableLike.scala:234)
  at scala.collection.immutable.List.map(List.scala:285)
  at org.apache.spark.rdd.UnionRDD.getPartitions(UnionRDD.scala:82)
  at org.apache.spark.rdd.RDD$$anonfun$partitions$2.apply(RDD.scala:248)
  at org.apache.spark.rdd.RDD$$anonfun$partitions$2.apply(RDD.scala:246)
  at scala.Option.getOrElse(Option.scala:121)
  at org.apache.spark.rdd.RDD.partitions(RDD.scala:246)
  at org.apache.spark.rdd.UnionRDD$$anonfun$1.apply(UnionRDD.scala:82)
  at org.apache.spark.rdd.UnionRDD$$anonfun$1.apply(UnionRDD.scala:82)
  at scala.collection.TraversableLike$$anonfun$map$1.apply(TraversableLike.scala:234)
  at scala.collection.TraversableLike$$anonfun$map$1.apply(TraversableLike.scala:234)
  at scala.collection.immutable.List.foreach(List.scala:381)
  at scala.collection.TraversableLike$class.map(TraversableLike.scala:234)
  at scala.collection.immutable.List.map(List.scala:285)
  at org.apache.spark.rdd.UnionRDD.getPartitions(UnionRDD.scala:82)
  at org.apache.spark.rdd.RDD$$anonfun$partitions$2.apply(RDD.scala:248)
  at org.apache.spark.rdd.RDD$$anonfun$partitions$2.apply(RDD.scala:246)
  at scala.Option.getOrElse(Option.scala:121)
  at org.apache.spark.rdd.RDD.partitions(RDD.scala:246)
  at org.apache.spark.rdd.UnionRDD$$anonfun$1.apply(UnionRDD.scala:82)
  at org.apache.spark.rdd.UnionRDD$$anonfun$1.apply(UnionRDD.scala:82)
  at scala.collection.TraversableLike$$anonfun$map$1.apply(TraversableLike.scala:234)
  at scala.collection.TraversableLike$$anonfun$map$1.apply(TraversableLike.scala:234)
  at scala.collection.immutable.List.foreach(List.scala:381)
  at scala.collection.TraversableLike$class.map(TraversableLike.scala:234)
  at scala.collection.immutable.List.map(List.scala:285)
  at org.apache.spark.rdd.UnionRDD.getPartitions(UnionRDD.scala:82)
  at org.apache.spark.rdd.RDD$$anonfun$partitions$2.apply(RDD.scala:248)
  at org.apache.spark.rdd.RDD$$anonfun$partitions$2.apply(RDD.scala:246)
  at scala.Option.getOrElse(Option.scala:121)
  at org.apache.spark.rdd.RDD.partitions(RDD.scala:246)
  at org.apache.spark.rdd.UnionRDD$$anonfun$1.apply(UnionRDD.scala:82)
  at org.apache.spark.rdd.UnionRDD$$anonfun$1.apply(UnionRDD.scala:82)
  at scala.collection.TraversableLike$$anonfun$map$1.apply(TraversableLike.scala:234)
  at scala.collection.TraversableLike$$anonfun$map$1.apply(TraversableLike.scala:234)
  at scala.collection.immutable.List.foreach(List.scala:381)
  at scala.collection.TraversableLike$class.map(TraversableLike.scala:234)
  at scala.collection.immutable.List.map(List.scala:285)
  at org.apache.spark.rdd.UnionRDD.getPartitions(UnionRDD.scala:82)
  at org.apache.spark.rdd.RDD$$anonfun$partitions$2.apply(RDD.scala:248)
  at org.apache.spark.rdd.RDD$$anonfun$partitions$2.apply(RDD.scala:246)
  at scala.Option.getOrElse(Option.scala:121)
  at org.apache.spark.rdd.RDD.partitions(RDD.scala:246)
  at org.apache.spark.rdd.UnionRDD$$anonfun$1.apply(UnionRDD.scala:82)
  at org.apache.spark.rdd.UnionRDD$$anonfun$1.apply(UnionRDD.scala:82)
  at scala.collection.TraversableLike$$anonfun$map$1.apply(TraversableLike.scala:234)
  at scala.collection.TraversableLike$$anonfun$map$1.apply(TraversableLike.scala:234)
  at scala.collection.immutable.List.foreach(List.scala:381)
  at scala.collection.TraversableLike$class.map(TraversableLike.scala:234)
  at scala.collection.immutable.List.map(List.scala:285)
  at org.apache.spark.rdd.UnionRDD.getPartitions(UnionRDD.scala:82)
  at org.apache.spark.rdd.RDD$$anonfun$partitions$2.apply(RDD.scala:248)
  at org.apache.spark.rdd.RDD$$anonfun$partitions$2.apply(RDD.scala:246)
  at scala.Option.getOrElse(Option.scala:121)
  at org.apache.spark.rdd.RDD.partitions(RDD.scala:246)
  at org.apache.spark.rdd.UnionRDD$$anonfun$1.apply(UnionRDD.scala:82)
  at org.apache.spark.rdd.UnionRDD$$anonfun$1.apply(UnionRDD.scala:82)
  at scala.collection.TraversableLike$$anonfun$map$1.apply(TraversableLike.scala:234)
  at scala.collection.TraversableLike$$anonfun$map$1.apply(TraversableLike.scala:234)
  at scala.collection.immutable.List.foreach(List.scala:381)
  at scala.collection.TraversableLike$class.map(TraversableLike.scala:234)
  at scala.collection.immutable.List.map(List.scala:285)
  at org.apache.spark.rdd.UnionRDD.getPartitions(UnionRDD.scala:82)
  at org.apache.spark.rdd.RDD$$anonfun$partitions$2.apply(RDD.scala:248)
  at org.apache.spark.rdd.RDD$$anonfun$partitions$2.apply(RDD.scala:246)
  at scala.Option.getOrElse(Option.scala:121)
  at org.apache.spark.rdd.RDD.partitions(RDD.scala:246)
  at org.apache.spark.rdd.UnionRDD$$anonfun$1.apply(UnionRDD.scala:82)
  at org.apache.spark.rdd.UnionRDD$$anonfun$1.apply(UnionRDD.scala:82)
  at scala.collection.TraversableLike$$anonfun$map$1.apply(TraversableLike.scala:234)
  at scala.collection.TraversableLike$$anonfun$map$1.apply(TraversableLike.scala:234)
  at scala.collection.immutable.List.foreach(List.scala:381)
  at scala.collection.TraversableLike$class.map(TraversableLike.scala:234)
  at scala.collection.immutable.List.map(List.scala:285)
  at org.apache.spark.rdd.UnionRDD.getPartitions(UnionRDD.scala:82)
  at org.apache.spark.rdd.RDD$$anonfun$partitions$2.apply(RDD.scala:248)
  at org.apache.spark.rdd.RDD$$anonfun$partitions$2.apply(RDD.scala:246)
  at scala.Option.getOrElse(Option.scala:121)
  at org.apache.spark.rdd.RDD.partitions(RDD.scala:246)
  at org.apache.spark.rdd.UnionRDD$$anonfun$1.apply(UnionRDD.scala:82)
  at org.apache.spark.rdd.UnionRDD$$anonfun$1.apply(UnionRDD.scala:82)
  at scala.collection.TraversableLike$$anonfun$map$1.apply(TraversableLike.scala:234)
  at scala.collection.TraversableLike$$anonfun$map$1.apply(TraversableLike.scala:234)
  at scala.collection.immutable.List.foreach(List.scala:381)
  at scala.collection.TraversableLike$class.map(TraversableLike.scala:234)
  at scala.collection.immutable.List.map(List.scala:285)
  at org.apache.spark.rdd.UnionRDD.getPartitions(UnionRDD.scala:82)
  at org.apache.spark.rdd.RDD$$anonfun$partitions$2.apply(RDD.scala:248)
  at org.apache.spark.rdd.RDD$$anonfun$partitions$2.apply(RDD.scala:246)
  at scala.Option.getOrElse(Option.scala:121)
  at org.apache.spark.rdd.RDD.partitions(RDD.scala:246)
  at org.apache.spark.rdd.UnionRDD$$anonfun$1.apply(UnionRDD.scala:82)
  at org.apache.spark.rdd.UnionRDD$$anonfun$1.apply(UnionRDD.scala:82)
  at scala.collection.TraversableLike$$anonfun$map$1.apply(TraversableLike.scala:234)
  at scala.collection.TraversableLike$$anonfun$map$1.apply(TraversableLike.scala:234)
  at scala.collection.immutable.List.foreach(List.scala:381)
  at scala.collection.TraversableLike$class.map(TraversableLike.scala:234)
  at scala.collection.immutable.List.map(List.scala:285)
  at org.apache.spark.rdd.UnionRDD.getPartitions(UnionRDD.scala:82)
  at org.apache.spark.rdd.RDD$$anonfun$partitions$2.apply(RDD.scala:248)
  at org.apache.spark.rdd.RDD$$anonfun$partitions$2.apply(RDD.scala:246)
  at scala.Option.getOrElse(Option.scala:121)
  at org.apache.spark.rdd.RDD.partitions(RDD.scala:246)
  at org.apache.spark.rdd.UnionRDD$$anonfun$1.apply(UnionRDD.scala:82)
  at org.apache.spark.rdd.UnionRDD$$anonfun$1.apply(UnionRDD.scala:82)
  at scala.collection.TraversableLike$$anonfun$map$1.apply(TraversableLike.scala:234)
  at scala.collection.TraversableLike$$anonfun$map$1.apply(TraversableLike.scala:234)
  at scala.collection.immutable.List.foreach(List.scala:381)
  at scala.collection.TraversableLike$class.map(TraversableLike.scala:234)
  at scala.collection.immutable.List.map(List.scala:285)
  at org.apache.spark.rdd.UnionRDD.getPartitions(UnionRDD.scala:82)
  at org.apache.spark.rdd.RDD$$anonfun$partitions$2.apply(RDD.scala:248)
  at org.apache.spark.rdd.RDD$$anonfun$partitions$2.apply(RDD.scala:246)
  at scala.Option.getOrElse(Option.scala:121)
  at org.apache.spark.rdd.RDD.partitions(RDD.scala:246)
  at org.apache.spark.rdd.UnionRDD$$anonfun$1.apply(UnionRDD.scala:82)
  at org.apache.spark.rdd.UnionRDD$$anonfun$1.apply(UnionRDD.scala:82)
  at scala.collection.TraversableLike$$anonfun$map$1.apply(TraversableLike.scala:234)
  at scala.collection.TraversableLike$$anonfun$map$1.apply(TraversableLike.scala:234)
  at scala.collection.immutable.List.foreach(List.scala:381)
  at scala.collection.TraversableLike$class.map(TraversableLike.scala:234)
  at scala.collection.immutable.List.map(List.scala:285)
  at org.apache.spark.rdd.UnionRDD.getPartitions(UnionRDD.scala:82)
  at org.apache.spark.rdd.RDD$$anonfun$partitions$2.apply(RDD.scala:248)
  at org.apache.spark.rdd.RDD$$anonfun$partitions$2.apply(RDD.scala:246)
  at scala.Option.getOrElse(Option.scala:121)
  at org.apache.spark.rdd.RDD.partitions(RDD.scala:246)
  at org.apache.spark.rdd.UnionRDD$$anonfun$1.apply(UnionRDD.scala:82)
  at org.apache.spark.rdd.UnionRDD$$anonfun$1.apply(UnionRDD.scala:82)
  at scala.collection.TraversableLike$$anonfun$map$1.apply(TraversableLike.scala:234)
  at scala.collection.TraversableLike$$anonfun$map$1.apply(TraversableLike.scala:234)
  at scala.collection.immutable.List.foreach(List.scala:381)
  at scala.collection.TraversableLike$class.map(TraversableLike.scala:234)
  at scala.collection.immutable.List.map(List.scala:285)
  at org.apache.spark.rdd.UnionRDD.getPartitions(UnionRDD.scala:82)
  at org.apache.spark.rdd.RDD$$anonfun$partitions$2.apply(RDD.scala:248)
  at org.apache.spark.rdd.RDD$$anonfun$partitions$2.apply(RDD.scala:246)
  at scala.Option.getOrElse(Option.scala:121)
  at org.apache.spark.rdd.RDD.partitions(RDD.scala:246)
  at org.apache.spark.rdd.UnionRDD$$anonfun$1.apply(UnionRDD.scala:82)
  at org.apache.spark.rdd.UnionRDD$$anonfun$1.apply(UnionRDD.scala:82)
  at scala.collection.TraversableLike$$anonfun$map$1.apply(TraversableLike.scala:234)
  at scala.collection.TraversableLike$$anonfun$map$1.apply(TraversableLike.scala:234)
  at scala.collection.immutable.List.foreach(List.scala:381)
  at scala.collection.TraversableLike$class.map(TraversableLike.scala:234)
  at scala.collection.immutable.List.map(List.scala:285)
  at org.apache.spark.rdd.UnionRDD.getPartitions(UnionRDD.scala:82)
  at org.apache.spark.rdd.RDD$$anonfun$partitions$2.apply(RDD.scala:248)
  at org.apache.spark.rdd.RDD$$anonfun$partitions$2.apply(RDD.scala:246)
  at scala.Option.getOrElse(Option.scala:121)
  at org.apache.spark.rdd.RDD.partitions(RDD.scala:246)
  at org.apache.spark.rdd.UnionRDD$$anonfun$1.apply(UnionRDD.scala:82)
  at org.apache.spark.rdd.UnionRDD$$anonfun$1.apply(UnionRDD.scala:82)
  at scala.collection.TraversableLike$$anonfun$map$1.apply(TraversableLike.scala:234)
  at scala.collection.TraversableLike$$anonfun$map$1.apply(TraversableLike.scala:234)
  at scala.collection.immutable.List.foreach(List.scala:381)
  at scala.collection.TraversableLike$class.map(TraversableLike.scala:234)
  at scala.collection.immutable.List.map(List.scala:285)
  at org.apache.spark.rdd.UnionRDD.getPartitions(UnionRDD.scala:82)
  at org.apache.spark.rdd.RDD$$anonfun$partitions$2.apply(RDD.scala:248)
  at org.apache.spark.rdd.RDD$$anonfun$partitions$2.apply(RDD.scala:246)
  at scala.Option.getOrElse(Option.scala:121)
  at org.apache.spark.rdd.RDD.partitions(RDD.scala:246)
  at org.apache.spark.rdd.UnionRDD$$anonfun$1.apply(UnionRDD.scala:82)
  at org.apache.spark.rdd.UnionRDD$$anonfun$1.apply(UnionRDD.scala:82)
  at scala.collection.TraversableLike$$anonfun$map$1.apply(TraversableLike.scala:234)
  at scala.collection.TraversableLike$$anonfun$map$1.apply(TraversableLike.scala:234)
  at scala.collection.immutable.List.foreach(List.scala:381)
  at scala.collection.TraversableLike$class.map(TraversableLike.scala:234)
  at scala.collection.immutable.List.map(List.scala:285)
  at org.apache.spark.rdd.UnionRDD.getPartitions(UnionRDD.scala:82)
  at org.apache.spark.rdd.RDD$$anonfun$partitions$2.apply(RDD.scala:248)
  at org.apache.spark.rdd.RDD$$anonfun$partitions$2.apply(RDD.scala:246)
  at scala.Option.getOrElse(Option.scala:121)
  at org.apache.spark.rdd.RDD.partitions(RDD.scala:246)
  at org.apache.spark.rdd.UnionRDD$$anonfun$1.apply(UnionRDD.scala:82)
  at org.apache.spark.rdd.UnionRDD$$anonfun$1.apply(UnionRDD.scala:82)
  at scala.collection.TraversableLike$$anonfun$map$1.apply(TraversableLike.scala:234)
  at scala.collection.TraversableLike$$anonfun$map$1.apply(TraversableLike.scala:234)
  at scala.collection.immutable.List.foreach(List.scala:381)
  at scala.collection.TraversableLike$class.map(TraversableLike.scala:234)
  at scala.collection.immutable.List.map(List.scala:285)
  at org.apache.spark.rdd.UnionRDD.getPartitions(UnionRDD.scala:82)
  at org.apache.spark.rdd.RDD$$anonfun$partitions$2.apply(RDD.scala:248)
  at org.apache.spark.rdd.RDD$$anonfun$partitions$2.apply(RDD.scala:246)
  at scala.Option.getOrElse(Option.scala:121)
  at org.apache.spark.rdd.RDD.partitions(RDD.scala:246)
  at org.apache.spark.rdd.UnionRDD$$anonfun$1.apply(UnionRDD.scala:82)
  at org.apache.spark.rdd.UnionRDD$$anonfun$1.apply(UnionRDD.scala:82)
  at scala.collection.TraversableLike$$anonfun$map$1.apply(TraversableLike.scala:234)
  at scala.collection.TraversableLike$$anonfun$map$1.apply(TraversableLike.scala:234)
  at scala.collection.immutable.List.foreach(List.scala:381)
  at scala.collection.TraversableLike$class.map(TraversableLike.scala:234)
  at scala.collection.immutable.List.map(List.scala:285)
  at org.apache.spark.rdd.UnionRDD.getPartitions(UnionRDD.scala:82)
  at org.apache.spark.rdd.RDD$$anonfun$partitions$2.apply(RDD.scala:248)
  at org.apache.spark.rdd.RDD$$anonfun$partitions$2.apply(RDD.scala:246)
  at scala.Option.getOrElse(Option.scala:121)
  at org.apache.spark.rdd.RDD.partitions(RDD.scala:246)
  at org.apache.spark.rdd.UnionRDD$$anonfun$1.apply(UnionRDD.scala:82)
  at org.apache.spark.rdd.UnionRDD$$anonfun$1.apply(UnionRDD.scala:82)
  at scala.collection.TraversableLike$$anonfun$map$1.apply(TraversableLike.scala:234)
  at scala.collection.TraversableLike$$anonfun$map$1.apply(TraversableLike.scala:234)
  at scala.collection.immutable.List.foreach(List.scala:381)
  at scala.collection.TraversableLike$class.map(TraversableLike.scala:234)
  at scala.collection.immutable.List.map(List.scala:285)
  at org.apache.spark.rdd.UnionRDD.getPartitions(UnionRDD.scala:82)
  at org.apache.spark.rdd.RDD$$anonfun$partitions$2.apply(RDD.scala:248)
  at org.apache.spark.rdd.RDD$$anonfun$partitions$2.apply(RDD.scala:246)
  at scala.Option.getOrElse(Option.scala:121)
  at org.apache.spark.rdd.RDD.partitions(RDD.scala:246)
  at org.apache.spark.rdd.UnionRDD$$anonfun$1.apply(UnionRDD.scala:82)
  at org.apache.spark.rdd.UnionRDD$$anonfun$1.apply(UnionRDD.scala:82)
  at scala.collection.TraversableLike$$anonfun$map$1.apply(TraversableLike.scala:234)
  at scala.collection.TraversableLike$$anonfun$map$1.apply(TraversableLike.scala:234)
  at scala.collection.immutable.List.foreach(List.scala:381)
  at scala.collection.TraversableLike$class.map(TraversableLike.scala:234)
  at scala.collection.immutable.List.map(List.scala:285)
  at org.apache.spark.rdd.UnionRDD.getPartitions(UnionRDD.scala:82)
  at org.apache.spark.rdd.RDD$$anonfun$partitions$2.apply(RDD.scala:248)
  at org.apache.spark.rdd.RDD$$anonfun$partitions$2.apply(RDD.scala:246)
  at scala.Option.getOrElse(Option.scala:121)
  at org.apache.spark.rdd.RDD.partitions(RDD.scala:246)
  at org.apache.spark.rdd.UnionRDD$$anonfun$1.apply(UnionRDD.scala:82)
  at org.apache.spark.rdd.UnionRDD$$anonfun$1.apply(UnionRDD.scala:82)
  at scala.collection.TraversableLike$$anonfun$map$1.apply(TraversableLike.scala:234)
  at scala.collection.TraversableLike$$anonfun$map$1.apply(TraversableLike.scala:234)
  at scala.collection.immutable.List.foreach(List.scala:381)
  at scala.collection.TraversableLike$class.map(TraversableLike.scala:234)
  at scala.collection.immutable.List.map(List.scala:285)
  at org.apache.spark.rdd.UnionRDD.getPartitions(UnionRDD.scala:82)
  at org.apache.spark.rdd.RDD$$anonfun$partitions$2.apply(RDD.scala:248)
  at org.apache.spark.rdd.RDD$$anonfun$partitions$2.apply(RDD.scala:246)
  at scala.Option.getOrElse(Option.scala:121)
  at org.apache.spark.rdd.RDD.partitions(RDD.scala:246)
  at org.apache.spark.rdd.UnionRDD$$anonfun$1.apply(UnionRDD.scala:82)
  at org.apache.spark.rdd.UnionRDD$$anonfun$1.apply(UnionRDD.scala:82)
  at scala.collection.TraversableLike$$anonfun$map$1.apply(TraversableLike.scala:234)
  at scala.collection.TraversableLike$$anonfun$map$1.apply(TraversableLike.scala:234)
  at scala.collection.immutable.List.foreach(List.scala:381)
  at scala.collection.TraversableLike$class.map(TraversableLike.scala:234)
  at scala.collection.immutable.List.map(List.scala:285)
  at org.apache.spark.rdd.UnionRDD.getPartitions(UnionRDD.scala:82)
  at org.apache.spark.rdd.RDD$$anonfun$partitions$2.apply(RDD.scala:248)
  at org.apache.spark.rdd.RDD$$anonfun$partitions$2.apply(RDD.scala:246)
  at scala.Option.getOrElse(Option.scala:121)
  at org.apache.spark.rdd.RDD.partitions(RDD.scala:246)
  at org.apache.spark.rdd.UnionRDD$$anonfun$1.apply(UnionRDD.scala:82)
  at org.apache.spark.rdd.UnionRDD$$anonfun$1.apply(UnionRDD.scala:82)
  at scala.collection.TraversableLike$$anonfun$map$1.apply(TraversableLike.scala:234)
  at scala.collection.TraversableLike$$anonfun$map$1.apply(TraversableLike.scala:234)
  at scala.collection.immutable.List.foreach(List.scala:381)
  at scala.collection.TraversableLike$class.map(TraversableLike.scala:234)
  at scala.collection.immutable.List.map(List.scala:285)
  at org.apache.spark.rdd.UnionRDD.getPartitions(UnionRDD.scala:82)
  at org.apache.spark.rdd.RDD$$anonfun$partitions$2.apply(RDD.scala:248)
  at org.apache.spark.rdd.RDD$$anonfun$partitions$2.apply(RDD.scala:246)
  at scala.Option.getOrElse(Option.scala:121)
  at org.apache.spark.rdd.RDD.partitions(RDD.scala:246)
  at org.apache.spark.rdd.UnionRDD$$anonfun$1.apply(UnionRDD.scala:82)
  at org.apache.spark.rdd.UnionRDD$$anonfun$1.apply(UnionRDD.scala:82)
  at scala.collection.TraversableLike$$anonfun$map$1.apply(TraversableLike.scala:234)
  at scala.collection.TraversableLike$$anonfun$map$1.apply(TraversableLike.scala:234)
  at scala.collection.immutable.List.foreach(List.scala:381)
  at scala.collection.TraversableLike$class.map(TraversableLike.scala:234)
  at scala.collection.immutable.List.map(List.scala:285)
  at org.apache.spark.rdd.UnionRDD.getPartitions(UnionRDD.scala:82)
  at org.apache.spark.rdd.RDD$$anonfun$partitions$2.apply(RDD.scala:248)
  at org.apache.spark.rdd.RDD$$anonfun$partitions$2.apply(RDD.scala:246)
  at scala.Option.getOrElse(Option.scala:121)
  at org.apache.spark.rdd.RDD.partitions(RDD.scala:246)
  at org.apache.spark.rdd.UnionRDD$$anonfun$1.apply(UnionRDD.scala:82)
  at org.apache.spark.rdd.UnionRDD$$anonfun$1.apply(UnionRDD.scala:82)
  at scala.collection.TraversableLike$$anonfun$map$1.apply(TraversableLike.scala:234)
  at scala.collection.TraversableLike$$anonfun$map$1.apply(TraversableLike.scala:234)
  at scala.collection.immutable.List.foreach(List.scala:381)
  at scala.collection.TraversableLike$class.map(TraversableLike.scala:234)
  at scala.collection.immutable.List.map(List.scala:285)
  at org.apache.spark.rdd.UnionRDD.getPartitions(UnionRDD.scala:82)
  at org.apache.spark.rdd.RDD$$anonfun$partitions$2.apply(RDD.scala:248)
  at org.apache.spark.rdd.RDD$$anonfun$partitions$2.apply(RDD.scala:246)
  at scala.Option.getOrElse(Option.scala:121)
  at org.apache.spark.rdd.RDD.partitions(RDD.scala:246)
  at org.apache.spark.rdd.UnionRDD$$anonfun$1.apply(UnionRDD.scala:82)
  at org.apache.spark.rdd.UnionRDD$$anonfun$1.apply(UnionRDD.scala:82)
  at scala.collection.TraversableLike$$anonfun$map$1.apply(TraversableLike.scala:234)
  at scala.collection.TraversableLike$$anonfun$map$1.apply(TraversableLike.scala:234)
  at scala.collection.immutable.List.foreach(List.scala:381)
  at scala.collection.TraversableLike$class.map(TraversableLike.scala:234)
  at scala.collection.immutable.List.map(List.scala:285)
  at org.apache.spark.rdd.UnionRDD.getPartitions(UnionRDD.scala:82)
  at org.apache.spark.rdd.RDD$$anonfun$partitions$2.apply(RDD.scala:248)
  at org.apache.spark.rdd.RDD$$anonfun$partitions$2.apply(RDD.scala:246)
  at scala.Option.getOrElse(Option.scala:121)
  at org.apache.spark.rdd.RDD.partitions(RDD.scala:246)
  at org.apache.spark.rdd.UnionRDD$$anonfun$1.apply(UnionRDD.scala:82)
  at org.apache.spark.rdd.UnionRDD$$anonfun$1.apply(UnionRDD.scala:82)
  at scala.collection.TraversableLike$$anonfun$map$1.apply(TraversableLike.scala:234)
  at scala.collection.TraversableLike$$anonfun$map$1.apply(TraversableLike.scala:234)
  at scala.collection.immutable.List.foreach(List.scala:381)
  at scala.collection.TraversableLike$class.map(TraversableLike.scala:234)
  at scala.collection.immutable.List.map(List.scala:285)
  at org.apache.spark.rdd.UnionRDD.getPartitions(UnionRDD.scala:82)
  at org.apache.spark.rdd.RDD$$anonfun$partitions$2.apply(RDD.scala:248)
  at org.apache.spark.rdd.RDD$$anonfun$partitions$2.apply(RDD.scala:246)
  at scala.Option.getOrElse(Option.scala:121)
  at org.apache.spark.rdd.RDD.partitions(RDD.scala:246)
  at org.apache.spark.rdd.UnionRDD$$anonfun$1.apply(UnionRDD.scala:82)
  at org.apache.spark.rdd.UnionRDD$$anonfun$1.apply(UnionRDD.scala:82)
  at scala.collection.TraversableLike$$anonfun$map$1.apply(TraversableLike.scala:234)
  at scala.collection.TraversableLike$$anonfun$map$1.apply(TraversableLike.scala:234)
  at scala.collection.immutable.List.foreach(List.scala:381)
  at scala.collection.TraversableLike$class.map(TraversableLike.scala:234)
  at scala.collection.immutable.List.map(List.scala:285)
  at org.apache.spark.rdd.UnionRDD.getPartitions(UnionRDD.scala:82)
  at org.apache.spark.rdd.RDD$$anonfun$partitions$2.apply(RDD.scala:248)
  at org.apache.spark.rdd.RDD$$anonfun$partitions$2.apply(RDD.scala:246)
  at scala.Option.getOrElse(Option.scala:121)
  at org.apache.spark.rdd.RDD.partitions(RDD.scala:246)
  at org.apache.spark.rdd.UnionRDD$$anonfun$1.apply(UnionRDD.scala:82)
  at org.apache.spark.rdd.UnionRDD$$anonfun$1.apply(UnionRDD.scala:82)
  at scala.collection.TraversableLike$$anonfun$map$1.apply(TraversableLike.scala:234)
  at scala.collection.TraversableLike$$anonfun$map$1.apply(TraversableLike.scala:234)
  at scala.collection.immutable.List.foreach(List.scala:381)
  at scala.collection.TraversableLike$class.map(TraversableLike.scala:234)
  at scala.collection.immutable.List.map(List.scala:285)
  at org.apache.spark.rdd.UnionRDD.getPartitions(UnionRDD.scala:82)
  at org.apache.spark.rdd.RDD$$anonfun$partitions$2.apply(RDD.scala:248)
  at org.apache.spark.rdd.RDD$$anonfun$partitions$2.apply(RDD.scala:246)
  at scala.Option.getOrElse(Option.scala:121)
  at org.apache.spark.rdd.RDD.partitions(RDD.scala:246)
  at org.apache.spark.rdd.UnionRDD$$anonfun$1.apply(UnionRDD.scala:82)
  at org.apache.spark.rdd.UnionRDD$$anonfun$1.apply(UnionRDD.scala:82)
  at scala.collection.TraversableLike$$anonfun$map$1.apply(TraversableLike.scala:234)
  at scala.collection.TraversableLike$$anonfun$map$1.apply(TraversableLike.scala:234)
  at scala.collection.immutable.List.foreach(List.scala:381)
  at scala.collection.TraversableLike$class.map(TraversableLike.scala:234)
  at scala.collection.immutable.List.map(List.scala:285)
  at org.apache.spark.rdd.UnionRDD.getPartitions(UnionRDD.scala:82)
  at org.apache.spark.rdd.RDD$$anonfun$partitions$2.apply(RDD.scala:248)
  at org.apache.spark.rdd.RDD$$anonfun$partitions$2.apply(RDD.scala:246)
  at scala.Option.getOrElse(Option.scala:121)
  at org.apache.spark.rdd.RDD.partitions(RDD.scala:246)
  at org.apache.spark.rdd.UnionRDD$$anonfun$1.apply(UnionRDD.scala:82)
  at org.apache.spark.rdd.UnionRDD$$anonfun$1.apply(UnionRDD.scala:82)
  at scala.collection.TraversableLike$$anonfun$map$1.apply(TraversableLike.scala:234)
  at scala.collection.TraversableLike$$anonfun$map$1.apply(TraversableLike.scala:234)
  at scala.collection.immutable.List.foreach(List.scala:381)
  at scala.collection.TraversableLike$class.map(TraversableLike.scala:234)
  at scala.collection.immutable.List.map(List.scala:285)
  at org.apache.spark.rdd.UnionRDD.getPartitions(UnionRDD.scala:82)
  at org.apache.spark.rdd.RDD$$anonfun$partitions$2.apply(RDD.scala:248)
  at org.apache.spark.rdd.RDD$$anonfun$partitions$2.apply(RDD.scala:246)
  at scala.Option.getOrElse(Option.scala:121)
  at org.apache.spark.rdd.RDD.partitions(RDD.scala:246)
  at org.apache.spark.rdd.UnionRDD$$anonfun$1.apply(UnionRDD.scala:82)
  at org.apache.spark.rdd.UnionRDD$$anonfun$1.apply(UnionRDD.scala:82)
  at scala.collection.TraversableLike$$anonfun$map$1.apply(TraversableLike.scala:234)
  at scala.collection.TraversableLike$$anonfun$map$1.apply(TraversableLike.scala:234)
  at scala.collection.immutable.List.foreach(List.scala:381)
  at scala.collection.TraversableLike$class.map(TraversableLike.scala:234)
  at scala.collection.immutable.List.map(List.scala:285)
  at org.apache.spark.rdd.UnionRDD.getPartitions(UnionRDD.scala:82)
  at org.apache.spark.rdd.RDD$$anonfun$partitions$2.apply(RDD.scala:248)
  at org.apache.spark.rdd.RDD$$anonfun$partitions$2.apply(RDD.scala:246)
  at scala.Option.getOrElse(Option.scala:121)
  at org.apache.spark.rdd.RDD.partitions(RDD.scala:246)
  at org.apache.spark.rdd.UnionRDD$$anonfun$1.apply(UnionRDD.scala:82)
  at org.apache.spark.rdd.UnionRDD$$anonfun$1.apply(UnionRDD.scala:82)
  at scala.collection.TraversableLike$$anonfun$map$1.apply(TraversableLike.scala:234)
  at scala.collection.TraversableLike$$anonfun$map$1.apply(TraversableLike.scala:234)
  at scala.collection.immutable.List.foreach(List.scala:381)
  at scala.collection.TraversableLike$class.map(TraversableLike.scala:234)
  at scala.collection.immutable.List.map(List.scala:285)
  at org.apache.spark.rdd.UnionRDD.getPartitions(UnionRDD.scala:82)
  at org.apache.spark.rdd.RDD$$anonfun$partitions$2.apply(RDD.scala:248)
  at org.apache.spark.rdd.RDD$$anonfun$partitions$2.apply(RDD.scala:246)
  at scala.Option.getOrElse(Option.scala:121)
  at org.apache.spark.rdd.RDD.partitions(RDD.scala:246)
  at org.apache.spark.rdd.UnionRDD$$anonfun$1.apply(UnionRDD.scala:82)
  at org.apache.spark.rdd.UnionRDD$$anonfun$1.apply(UnionRDD.scala:82)
  at scala.collection.TraversableLike$$anonfun$map$1.apply(TraversableLike.scala:234)
  at scala.collection.TraversableLike$$anonfun$map$1.apply(TraversableLike.scala:234)
  at scala.collection.immutable.List.foreach(List.scala:381)
  at scala.collection.TraversableLike$class.map(TraversableLike.scala:234)
  at scala.collection.immutable.List.map(List.scala:285)
  at org.apache.spark.rdd.UnionRDD.getPartitions(UnionRDD.scala:82)
  at org.apache.spark.rdd.RDD$$anonfun$partitions$2.apply(RDD.scala:248)
  at org.apache.spark.rdd.RDD$$anonfun$partitions$2.apply(RDD.scala:246)
  at scala.Option.getOrElse(Option.scala:121)
  at org.apache.spark.rdd.RDD.partitions(RDD.scala:246)
  at org.apache.spark.rdd.UnionRDD$$anonfun$1.apply(UnionRDD.scala:82)
  at org.apache.spark.rdd.UnionRDD$$anonfun$1.apply(UnionRDD.scala:82)
  at scala.collection.TraversableLike$$anonfun$map$1.apply(TraversableLike.scala:234)
  at scala.collection.TraversableLike$$anonfun$map$1.apply(TraversableLike.scala:234)
  at scala.collection.immutable.List.foreach(List.scala:381)
  at scala.collection.TraversableLike$class.map(TraversableLike.scala:234)
  at scala.collection.immutable.List.map(List.scala:285)
  at org.apache.spark.rdd.UnionRDD.getPartitions(UnionRDD.scala:82)
  at org.apache.spark.rdd.RDD$$anonfun$partitions$2.apply(RDD.scala:248)
  at org.apache.spark.rdd.RDD$$anonfun$partitions$2.apply(RDD.scala:246)
  at scala.Option.getOrElse(Option.scala:121)
  at org.apache.spark.rdd.RDD.partitions(RDD.scala:246)
  at org.apache.spark.rdd.UnionRDD$$anonfun$1.apply(UnionRDD.scala:82)
  at org.apache.spark.rdd.UnionRDD$$anonfun$1.apply(UnionRDD.scala:82)
  at scala.collection.TraversableLike$$anonfun$map$1.apply(TraversableLike.scala:234)
  at scala.collection.TraversableLike$$anonfun$map$1.apply(TraversableLike.scala:234)
  at scala.collection.immutable.List.foreach(List.scala:381)
  at scala.collection.TraversableLike$class.map(TraversableLike.scala:234)
  at scala.collection.immutable.List.map(List.scala:285)
  at org.apache.spark.rdd.UnionRDD.getPartitions(UnionRDD.scala:82)
  at org.apache.spark.rdd.RDD$$anonfun$partitions$2.apply(RDD.scala:248)
  at org.apache.spark.rdd.RDD$$anonfun$partitions$2.apply(RDD.scala:246)
  at scala.Option.getOrElse(Option.scala:121)
  at org.apache.spark.rdd.RDD.partitions(RDD.scala:246)
  at org.apache.spark.rdd.UnionRDD$$anonfun$1.apply(UnionRDD.scala:82)
  at org.apache.spark.rdd.UnionRDD$$anonfun$1.apply(UnionRDD.scala:82)
  at scala.collection.TraversableLike$$anonfun$map$1.apply(TraversableLike.scala:234)
  at scala.collection.TraversableLike$$anonfun$map$1.apply(TraversableLike.scala:234)
  at scala.collection.immutable.List.foreach(List.scala:381)
  at scala.collection.TraversableLike$class.map(TraversableLike.scala:234)
  at scala.collection.immutable.List.map(List.scala:285)
  at org.apache.spark.rdd.UnionRDD.getPartitions(UnionRDD.scala:82)
  at org.apache.spark.rdd.RDD$$anonfun$partitions$2.apply(RDD.scala:248)
  at org.apache.spark.rdd.RDD$$anonfun$partitions$2.apply(RDD.scala:246)
  at scala.Option.getOrElse(Option.scala:121)
  at org.apache.spark.rdd.RDD.partitions(RDD.scala:246)
  at org.apache.spark.rdd.UnionRDD$$anonfun$1.apply(UnionRDD.scala:82)
  at org.apache.spark.rdd.UnionRDD$$anonfun$1.apply(UnionRDD.scala:82)
  at scala.collection.TraversableLike$$anonfun$map$1.apply(TraversableLike.scala:234)
  at scala.collection.TraversableLike$$anonfun$map$1.apply(TraversableLike.scala:234)
  at scala.collection.immutable.List.foreach(List.scala:381)
  at scala.collection.TraversableLike$class.map(TraversableLike.scala:234)
  at scala.collection.immutable.List.map(List.scala:285)
  at org.apache.spark.rdd.UnionRDD.getPartitions(UnionRDD.scala:82)
  at org.apache.spark.rdd.RDD$$anonfun$partitions$2.apply(RDD.scala:248)
  at org.apache.spark.rdd.RDD$$anonfun$partitions$2.apply(RDD.scala:246)
  at scala.Option.getOrElse(Option.scala:121)
  at org.apache.spark.rdd.RDD.partitions(RDD.scala:246)
  at org.apache.spark.rdd.UnionRDD$$anonfun$1.apply(UnionRDD.scala:82)
  at org.apache.spark.rdd.UnionRDD$$anonfun$1.apply(UnionRDD.scala:82)
  at scala.collection.TraversableLike$$anonfun$map$1.apply(TraversableLike.scala:234)
  at scala.collection.TraversableLike$$anonfun$map$1.apply(TraversableLike.scala:234)
  at scala.collection.immutable.List.foreach(List.scala:381)
  at scala.collection.TraversableLike$class.map(TraversableLike.scala:234)
  at scala.collection.immutable.List.map(List.scala:285)
  at org.apache.spark.rdd.UnionRDD.getPartitions(UnionRDD.scala:82)
  at org.apache.spark.rdd.RDD$$anonfun$partitions$2.apply(RDD.scala:248)
  at org.apache.spark.rdd.RDD$$anonfun$partitions$2.apply(RDD.scala:246)
  at scala.Option.getOrElse(Option.scala:121)
  at org.apache.spark.rdd.RDD.partitions(RDD.scala:246)
  at org.apache.spark.rdd.UnionRDD$$anonfun$1.apply(UnionRDD.scala:82)
  at org.apache.spark.rdd.UnionRDD$$anonfun$1.apply(UnionRDD.scala:82)
  at scala.collection.TraversableLike$$anonfun$map$1.apply(TraversableLike.scala:234)
  at scala.collection.TraversableLike$$anonfun$map$1.apply(TraversableLike.scala:234)
  at scala.collection.immutable.List.foreach(List.scala:381)
  at scala.collection.TraversableLike$class.map(TraversableLike.scala:234)
  at scala.collection.immutable.List.map(List.scala:285)
  at org.apache.spark.rdd.UnionRDD.getPartitions(UnionRDD.scala:82)
  at org.apache.spark.rdd.RDD$$anonfun$partitions$2.apply(RDD.scala:248)
  at org.apache.spark.rdd.RDD$$anonfun$partitions$2.apply(RDD.scala:246)
  at scala.Option.getOrElse(Option.scala:121)
  at org.apache.spark.rdd.RDD.partitions(RDD.scala:246)
  at org.apache.spark.rdd.UnionRDD$$anonfun$1.apply(UnionRDD.scala:82)
  at org.apache.spark.rdd.UnionRDD$$anonfun$1.apply(UnionRDD.scala:82)
  at scala.collection.TraversableLike$$anonfun$map$1.apply(TraversableLike.scala:234)
  at scala.collection.TraversableLike$$anonfun$map$1.apply(TraversableLike.scala:234)
  at scala.collection.immutable.List.foreach(List.scala:381)
  at scala.collection.TraversableLike$class.map(TraversableLike.scala:234)
  at scala.collection.immutable.List.map(List.scala:285)
  at org.apache.spark.rdd.UnionRDD.getPartitions(UnionRDD.scala:82)
  at org.apache.spark.rdd.RDD$$anonfun$partitions$2.apply(RDD.scala:248)
  at org.apache.spark.rdd.RDD$$anonfun$partitions$2.apply(RDD.scala:246)
  at scala.Option.getOrElse(Option.scala:121)
  at org.apache.spark.rdd.RDD.partitions(RDD.scala:246)
  at org.apache.spark.rdd.UnionRDD$$anonfun$1.apply(UnionRDD.scala:82)
  at org.apache.spark.rdd.UnionRDD$$anonfun$1.apply(UnionRDD.scala:82)
  at scala.collection.TraversableLike$$anonfun$map$1.apply(TraversableLike.scala:234)
  at scala.collection.TraversableLike$$anonfun$map$1.apply(TraversableLike.scala:234)
  at scala.collection.immutable.List.foreach(List.scala:381)
  at scala.collection.TraversableLike$class.map(TraversableLike.scala:234)
  at scala.collection.immutable.List.map(List.scala:285)
  at org.apache.spark.rdd.UnionRDD.getPartitions(UnionRDD.scala:82)
  at org.apache.spark.rdd.RDD$$anonfun$partitions$2.apply(RDD.scala:248)
  at org.apache.spark.rdd.RDD$$anonfun$partitions$2.apply(RDD.scala:246)
  at scala.Option.getOrElse(Option.scala:121)
  at org.apache.spark.rdd.RDD.partitions(RDD.scala:246)
  at org.apache.spark.rdd.UnionRDD$$anonfun$1.apply(UnionRDD.scala:82)
  at org.apache.spark.rdd.UnionRDD$$anonfun$1.apply(UnionRDD.scala:82)
  at scala.collection.TraversableLike$$anonfun$map$1.apply(TraversableLike.scala:234)
  at scala.collection.TraversableLike$$anonfun$map$1.apply(TraversableLike.scala:234)
  at scala.collection.immutable.List.foreach(List.scala:381)
  at scala.collection.TraversableLike$class.map(TraversableLike.scala:234)
  at scala.collection.immutable.List.map(List.scala:285)
  at org.apache.spark.rdd.UnionRDD.getPartitions(UnionRDD.scala:82)
  at org.apache.spark.rdd.RDD$$anonfun$partitions$2.apply(RDD.scala:248)
  at org.apache.spark.rdd.RDD$$anonfun$partitions$2.apply(RDD.scala:246)
  at scala.Option.getOrElse(Option.scala:121)
  at org.apache.spark.rdd.RDD.partitions(RDD.scala:246)
  at org.apache.spark.rdd.UnionRDD$$anonfun$1.apply(UnionRDD.scala:82)
  at org.apache.spark.rdd.UnionRDD$$anonfun$1.apply(UnionRDD.scala:82)
  at scala.collection.TraversableLike$$anonfun$map$1.apply(TraversableLike.scala:234)
  at scala.collection.TraversableLike$$anonfun$map$1.apply(TraversableLike.scala:234)
  at scala.collection.immutable.List.foreach(List.scala:381)
  at scala.collection.TraversableLike$class.map(TraversableLike.scala:234)
  at scala.collection.immutable.List.map(List.scala:285)
  at org.apache.spark.rdd.UnionRDD.getPartitions(UnionRDD.scala:82)
  at org.apache.spark.rdd.RDD$$anonfun$partitions$2.apply(RDD.scala:248)
  at org.apache.spark.rdd.RDD$$anonfun$partitions$2.apply(RDD.scala:246)
  at scala.Option.getOrElse(Option.scala:121)
  at org.apache.spark.rdd.RDD.partitions(RDD.scala:246)
  at org.apache.spark.rdd.UnionRDD$$anonfun$1.apply(UnionRDD.scala:82)
  at org.apache.spark.rdd.UnionRDD$$anonfun$1.apply(UnionRDD.scala:82)
  at scala.collection.TraversableLike$$anonfun$map$1.apply(TraversableLike.scala:234)
  at scala.collection.TraversableLike$$anonfun$map$1.apply(TraversableLike.scala:234)
  at scala.collection.immutable.List.foreach(List.scala:381)
  at scala.collection.TraversableLike$class.map(TraversableLike.scala:234)
  at scala.collection.immutable.List.map(List.scala:285)
  at org.apache.spark.rdd.UnionRDD.getPartitions(UnionRDD.scala:82)
  at org.apache.spark.rdd.RDD$$anonfun$partitions$2.apply(RDD.scala:248)
  at org.apache.spark.rdd.RDD$$anonfun$partitions$2.apply(RDD.scala:246)
  at scala.Option.getOrElse(Option.scala:121)
  at org.apache.spark.rdd.RDD.partitions(RDD.scala:246)
  at org.apache.spark.rdd.UnionRDD$$anonfun$1.apply(UnionRDD.scala:82)
  at org.apache.spark.rdd.UnionRDD$$anonfun$1.apply(UnionRDD.scala:82)
  at scala.collection.TraversableLike$$anonfun$map$1.apply(TraversableLike.scala:234)
  at scala.collection.TraversableLike$$anonfun$map$1.apply(TraversableLike.scala:234)
  at scala.collection.immutable.List.foreach(List.scala:381)
  at scala.collection.TraversableLike$class.map(TraversableLike.scala:234)
  at scala.collection.immutable.List.map(List.scala:285)
  at org.apache.spark.rdd.UnionRDD.getPartitions(UnionRDD.scala:82)
  at org.apache.spark.rdd.RDD$$anonfun$partitions$2.apply(RDD.scala:248)
  at org.apache.spark.rdd.RDD$$anonfun$partitions$2.apply(RDD.scala:246)
  at scala.Option.getOrElse(Option.scala:121)
  at org.apache.spark.rdd.RDD.partitions(RDD.scala:246)
  at org.apache.spark.rdd.UnionRDD$$anonfun$1.apply(UnionRDD.scala:82)
  at org.apache.spark.rdd.UnionRDD$$anonfun$1.apply(UnionRDD.scala:82)
  at scala.collection.TraversableLike$$anonfun$map$1.apply(TraversableLike.scala:234)
  at scala.collection.TraversableLike$$anonfun$map$1.apply(TraversableLike.scala:234)
  at scala.collection.immutable.List.foreach(List.scala:381)
  at scala.collection.TraversableLike$class.map(TraversableLike.scala:234)
  at scala.collection.immutable.List.map(List.scala:285)
  at org.apache.spark.rdd.UnionRDD.getPartitions(UnionRDD.scala:82)
  at org.apache.spark.rdd.RDD$$anonfun$partitions$2.apply(RDD.scala:248)
  at org.apache.spark.rdd.RDD$$anonfun$partitions$2.apply(RDD.scala:246)
  at scala.Option.getOrElse(Option.scala:121)
  at org.apache.spark.rdd.RDD.partitions(RDD.scala:246)
  at org.apache.spark.rdd.UnionRDD$$anonfun$1.apply(UnionRDD.scala:82)
  at org.apache.spark.rdd.UnionRDD$$anonfun$1.apply(UnionRDD.scala:82)
  at scala.collection.TraversableLike$$anonfun$map$1.apply(TraversableLike.scala:234)
  at scala.collection.TraversableLike$$anonfun$map$1.apply(TraversableLike.scala:234)
  at scala.collection.immutable.List.foreach(List.scala:381)
  at scala.collection.TraversableLike$class.map(TraversableLike.scala:234)
  at scala.collection.immutable.List.map(List.scala:285)
  at org.apache.spark.rdd.UnionRDD.getPartitions(UnionRDD.scala:82)
  at org.apache.spark.rdd.RDD$$anonfun$partitions$2.apply(RDD.scala:248)
  at org.apache.spark.rdd.RDD$$anonfun$partitions$2.apply(RDD.scala:246)
  at scala.Option.getOrElse(Option.scala:121)
  at org.apache.spark.rdd.RDD.partitions(RDD.scala:246)
  at org.apache.spark.rdd.UnionRDD$$anonfun$1.apply(UnionRDD.scala:82)
  at org.apache.spark.rdd.UnionRDD$$anonfun$1.apply(UnionRDD.scala:82)
  at scala.collection.TraversableLike$$anonfun$map$1.apply(TraversableLike.scala:234)
  at scala.collection.TraversableLike$$anonfun$map$1.apply(TraversableLike.scala:234)
  at scala.collection.immutable.List.foreach(List.scala:381)
  at scala.collection.TraversableLike$class.map(TraversableLike.scala:234)
  at scala.collection.immutable.List.map(List.scala:285)
  at org.apache.spark.rdd.UnionRDD.getPartitions(UnionRDD.scala:82)
  at org.apache.spark.rdd.RDD$$anonfun$partitions$2.apply(RDD.scala:248)
  at org.apache.spark.rdd.RDD$$anonfun$partitions$2.apply(RDD.scala:246)
  at scala.Option.getOrElse(Option.scala:121)
  at org.apache.spark.rdd.RDD.partitions(RDD.scala:246)
  at org.apache.spark.rdd.UnionRDD$$anonfun$1.apply(UnionRDD.scala:82)
  at org.apache.spark.rdd.UnionRDD$$anonfun$1.apply(UnionRDD.scala:82)
  at scala.collection.TraversableLike$$anonfun$map$1.apply(TraversableLike.scala:234)
  at scala.collection.TraversableLike$$anonfun$map$1.apply(TraversableLike.scala:234)
  at scala.collection.immutable.List.foreach(List.scala:381)
  at scala.collection.TraversableLike$class.map(TraversableLike.scala:234)
  at scala.collection.immutable.List.map(List.scala:285)
  at org.apache.spark.rdd.UnionRDD.getPartitions(UnionRDD.scala:82)
  at org.apache.spark.rdd.RDD$$anonfun$partitions$2.apply(RDD.scala:248)
  at org.apache.spark.rdd.RDD$$anonfun$partitions$2.apply(RDD.scala:246)
  at scala.Option.getOrElse(Option.scala:121)
  at org.apache.spark.rdd.RDD.partitions(RDD.scala:246)
  at org.apache.spark.rdd.UnionRDD$$anonfun$1.apply(UnionRDD.scala:82)
  at org.apache.spark.rdd.UnionRDD$$anonfun$1.apply(UnionRDD.scala:82)
  at scala.collection.TraversableLike$$anonfun$map$1.apply(TraversableLike.scala:234)
  at scala.collection.TraversableLike$$anonfun$map$1.apply(TraversableLike.scala:234)
  at scala.collection.immutable.List.foreach(List.scala:381)
  at scala.collection.TraversableLike$class.map(TraversableLike.scala:234)
  at scala.collection.immutable.List.map(List.scala:285)
  at org.apache.spark.rdd.UnionRDD.getPartitions(UnionRDD.scala:82)
  at org.apache.spark.rdd.RDD$$anonfun$partitions$2.apply(RDD.scala:248)
  at org.apache.spark.rdd.RDD$$anonfun$partitions$2.apply(RDD.scala:246)
  at scala.Option.getOrElse(Option.scala:121)
  at org.apache.spark.rdd.RDD.partitions(RDD.scala:246)
  at org.apache.spark.rdd.UnionRDD$$anonfun$1.apply(UnionRDD.scala:82)
  at org.apache.spark.rdd.UnionRDD$$anonfun$1.apply(UnionRDD.scala:82)
  at scala.collection.TraversableLike$$anonfun$map$1.apply(TraversableLike.scala:234)
  at scala.collection.TraversableLike$$anonfun$map$1.apply(TraversableLike.scala:234)
  at scala.collection.immutable.List.foreach(List.scala:381)
  at scala.collection.TraversableLike$class.map(TraversableLike.scala:234)
  at scala.collection.immutable.List.map(List.scala:285)
  at org.apache.spark.rdd.UnionRDD.getPartitions(UnionRDD.scala:82)
  at org.apache.spark.rdd.RDD$$anonfun$partitions$2.apply(RDD.scala:248)
  at org.apache.spark.rdd.RDD$$anonfun$partitions$2.apply(RDD.scala:246)
  at scala.Option.getOrElse(Option.scala:121)
  at org.apache.spark.rdd.RDD.partitions(RDD.scala:246)
  at org.apache.spark.rdd.UnionRDD$$anonfun$1.apply(UnionRDD.scala:82)
  at org.apache.spark.rdd.UnionRDD$$anonfun$1.apply(UnionRDD.scala:82)
  at scala.collection.TraversableLike$$anonfun$map$1.apply(TraversableLike.scala:234)
  at scala.collection.TraversableLike$$anonfun$map$1.apply(TraversableLike.scala:234)
  at scala.collection.immutable.List.foreach(List.scala:381)
  at scala.collection.TraversableLike$class.map(TraversableLike.scala:234)
  at scala.collection.immutable.List.map(List.scala:285)
  at org.apache.spark.rdd.UnionRDD.getPartitions(UnionRDD.scala:82)
  at org.apache.spark.rdd.RDD$$anonfun$partitions$2.apply(RDD.scala:248)
  at org.apache.spark.rdd.RDD$$anonfun$partitions$2.apply(RDD.scala:246)
  at scala.Option.getOrElse(Option.scala:121)
  at org.apache.spark.rdd.RDD.partitions(RDD.scala:246)
  at org.apache.spark.rdd.UnionRDD$$anonfun$1.apply(UnionRDD.scala:82)
  at org.apache.spark.rdd.UnionRDD$$anonfun$1.apply(UnionRDD.scala:82)
  at scala.collection.TraversableLike$$anonfun$map$1.apply(TraversableLike.scala:234)
  at scala.collection.TraversableLike$$anonfun$map$1.apply(TraversableLike.scala:234)
  at scala.collection.immutable.List.foreach(List.scala:381)
  at scala.collection.TraversableLike$class.map(TraversableLike.scala:234)
  at scala.collection.immutable.List.map(List.scala:285)
  at org.apache.spark.rdd.UnionRDD.getPartitions(UnionRDD.scala:82)
  at org.apache.spark.rdd.RDD$$anonfun$partitions$2.apply(RDD.scala:248)
  at org.apache.spark.rdd.RDD$$anonfun$partitions$2.apply(RDD.scala:246)
  at scala.Option.getOrElse(Option.scala:121)
  at org.apache.spark.rdd.RDD.partitions(RDD.scala:246)
  at org.apache.spark.rdd.UnionRDD$$anonfun$1.apply(UnionRDD.scala:82)
  at org.apache.spark.rdd.UnionRDD$$anonfun$1.apply(UnionRDD.scala:82)
  at scala.collection.TraversableLike$$anonfun$map$1.apply(TraversableLike.scala:234)
  at scala.collection.TraversableLike$$anonfun$map$1.apply(TraversableLike.scala:234)
  at scala.collection.immutable.List.foreach(List.scala:381)
  at scala.collection.TraversableLike$class.map(TraversableLike.scala:234)
  at scala.collection.immutable.List.map(List.scala:285)
  at org.apache.spark.rdd.UnionRDD.getPartitions(UnionRDD.scala:82)
  at org.apache.spark.rdd.RDD$$anonfun$partitions$2.apply(RDD.scala:248)
  at org.apache.spark.rdd.RDD$$anonfun$partitions$2.apply(RDD.scala:246)
  at scala.Option.getOrElse(Option.scala:121)
  at org.apache.spark.rdd.RDD.partitions(RDD.scala:246)
  at org.apache.spark.rdd.UnionRDD$$anonfun$1.apply(UnionRDD.scala:82)
  at org.apache.spark.rdd.UnionRDD$$anonfun$1.apply(UnionRDD.scala:82)
  at scala.collection.TraversableLike$$anonfun$map$1.apply(TraversableLike.scala:234)
  at scala.collection.TraversableLike$$anonfun$map$1.apply(TraversableLike.scala:234)
  at scala.collection.immutable.List.foreach(List.scala:381)
  at scala.collection.TraversableLike$class.map(TraversableLike.scala:234)
  at scala.collection.immutable.List.map(List.scala:285)
  at org.apache.spark.rdd.UnionRDD.getPartitions(UnionRDD.scala:82)
  at org.apache.spark.rdd.RDD$$anonfun$partitions$2.apply(RDD.scala:248)
  at org.apache.spark.rdd.RDD$$anonfun$partitions$2.apply(RDD.scala:246)
16/11/24 21:34:44 ERROR LzoCodec: Cannot load native-lzo without native-hadoop
